   0  $accept : program $end

   1  program : decls

   2  decls : decl
   3        | decls decl

   4  decl : variabledecl
   5       | functiondecl
   6       | classdecl
   7       | interfacedecl

   8  variabledecl : variable Y_Semicolon

   9  identifier : Y_Identifier

  10  variable : type identifier

  11  type : Y_Int
  12       | Y_Double
  13       | Y_Bool
  14       | Y_String
  15       | Y_TypeIdentifier
  16       | type Y_LBracket Y_RBracket

  17  functiondecl : type identifier Y_LParen formals Y_RParen stmtblock

  18  $$1 :

  19  functiondecl : Y_Void $$1 identifier Y_LParen formals Y_RParen stmtblock

  20  variablelist : variable
  21               | variablelist Y_Comma variable

  22  formals : variablelist
  23          |

  24  identifierlist : identifier
  25                 | identifierlist Y_Comma identifier

  26  nextends : extends
  27           |

  28  $$2 :

  29  extends : Y_Extends $$2 identifier

  30  nimplements : implements
  31              |

  32  $$3 :

  33  implements : Y_Implements $$3 identifierlist

  34  nfields : fields
  35          |

  36  fields : field
  37         | fields field

  38  $$4 :

  39  classdecl : Y_Class $$4 identifier nextends nimplements Y_LBrace nfields Y_RBrace

  40  field : variabledecl
  41        | functiondecl

  42  nprototypes : prototypes
  43              |

  44  prototypes : prototype
  45             | prototypes prototype

  46  $$5 :

  47  interfacedecl : Y_Interface $$5 identifier Y_LBrace nprototypes Y_RBrace

  48  prototype : type identifier Y_LParen formals Y_RParen Y_Semicolon

  49  $$6 :

  50  prototype : Y_Void $$6 identifier Y_LParen formals Y_RParen Y_Semicolon

  51  variabledecls : variabledecl
  52                | variabledecls variabledecl

  53  stmts : stmt
  54        | stmts stmt

  55  nvariabledecls : variabledecls
  56                 |

  57  nstmts : stmts
  58         |

  59  stmtblock : Y_LBrace nvariabledecls nstmts Y_RBrace

  60  open_stmt : open_if
  61            | open_while
  62            | open_for

  63  matched_stmt : matched_if
  64               | matched_while
  65               | matched_for
  66               | other_stmt

  67  other_stmt : nexpr Y_Semicolon
  68             | printstmt
  69             | returnstmt
  70             | breakstmt
  71             | stmtblock

  72  stmt : matched_stmt
  73       | open_stmt

  74  commonif : Y_If Y_LParen expr Y_RParen

  75  matched_if : commonif matched_stmt Y_Else matched_stmt

  76  open_if : commonif stmt
  77          | commonif matched_stmt Y_Else open_stmt

  78  commonwhile : Y_While Y_LParen expr Y_RParen

  79  matched_while : commonwhile matched_stmt

  80  open_while : commonwhile open_stmt

  81  commonfor : Y_For Y_LParen nexpr Y_Semicolon expr Y_Semicolon nexpr Y_RParen

  82  matched_for : commonfor matched_stmt

  83  open_for : commonfor open_stmt

  84  $$7 :

  85  returnstmt : Y_Return $$7 nexpr Y_Semicolon

  86  $$8 :

  87  breakstmt : Y_Break $$8 Y_Semicolon

  88  $$9 :

  89  printstmt : Y_Print $$9 Y_LParen exprlist Y_RParen Y_Semicolon

  90  exprlist : expr
  91           | exprlist Y_Comma expr

  92  nexpr : expr
  93        |

  94  $$10 :

  95  expr : lvalue Y_Assign $$10 expr
  96       | constant
  97       | lvalue
  98       | Y_This
  99       | call
 100       | Y_LParen expr Y_RParen

 101  $$11 :

 102  expr : expr Y_Plus $$11 expr

 103  $$12 :

 104  expr : expr Y_Minus $$12 expr

 105  $$13 :

 106  expr : expr Y_Times $$13 expr

 107  $$14 :

 108  expr : expr Y_Divide $$14 expr

 109  $$15 :

 110  expr : expr Y_Mod $$15 expr

 111  $$16 :

 112  expr : Y_Minus $$16 expr

 113  $$17 :

 114  expr : expr Y_Less $$17 expr

 115  $$18 :

 116  expr : expr Y_Greater $$18 expr

 117  $$19 :

 118  expr : expr Y_LessEqual $$19 expr

 119  $$20 :

 120  expr : expr Y_GreaterEqual $$20 expr

 121  $$21 :

 122  expr : expr Y_Equal $$21 expr

 123  $$22 :

 124  expr : expr Y_NotEqual $$22 expr

 125  $$23 :

 126  expr : expr Y_And $$23 expr

 127  $$24 :

 128  expr : expr Y_Or $$24 expr

 129  $$25 :

 130  expr : Y_Not $$25 expr

 131  $$26 :

 132  expr : Y_ReadInteger $$26 Y_LParen Y_RParen

 133  $$27 :

 134  expr : Y_ReadLine $$27 Y_LParen Y_RParen

 135  $$28 :

 136  expr : Y_New $$28 Y_LParen identifier Y_RParen

 137  $$29 :

 138  expr : Y_NewArray $$29 Y_LParen expr Y_Comma type Y_RParen

 139  lvalue : identifier
 140         | expr Y_Dot identifier
 141         | expr Y_LBracket expr Y_RBracket

 142  _identifier : identifier

 143  call : _identifier Y_LParen actuals Y_RParen
 144       | expr Y_Dot _identifier Y_LParen actuals Y_RParen

 145  actuals : exprlist
 146          |

 147  constant : Y_IntConstant
 148           | Y_DoubleConstant
 149           | Y_BoolConstant
 150           | Y_StringConstant
 151           | Y_Null

state 0
	$accept : . program $end  (0)

	Y_Void  shift 1
	Y_Int  shift 2
	Y_Double  shift 3
	Y_Bool  shift 4
	Y_String  shift 5
	Y_Class  shift 6
	Y_Interface  shift 7
	Y_TypeIdentifier  shift 8
	.  error

	program  goto 9
	decls  goto 10
	decl  goto 11
	variabledecl  goto 12
	functiondecl  goto 13
	classdecl  goto 14
	interfacedecl  goto 15
	variable  goto 16
	type  goto 17


state 1
	functiondecl : Y_Void . $$1 identifier Y_LParen formals Y_RParen stmtblock  (19)
	$$1 : .  (18)

	.  reduce 18

	$$1  goto 18


state 2
	type : Y_Int .  (11)

	.  reduce 11


state 3
	type : Y_Double .  (12)

	.  reduce 12


state 4
	type : Y_Bool .  (13)

	.  reduce 13


state 5
	type : Y_String .  (14)

	.  reduce 14


state 6
	classdecl : Y_Class . $$4 identifier nextends nimplements Y_LBrace nfields Y_RBrace  (39)
	$$4 : .  (38)

	.  reduce 38

	$$4  goto 19


state 7
	interfacedecl : Y_Interface . $$5 identifier Y_LBrace nprototypes Y_RBrace  (47)
	$$5 : .  (46)

	.  reduce 46

	$$5  goto 20


state 8
	type : Y_TypeIdentifier .  (15)

	.  reduce 15


state 9
	$accept : program . $end  (0)

	$end  accept


state 10
	program : decls .  (1)
	decls : decls . decl  (3)

	Y_Void  shift 1
	Y_Int  shift 2
	Y_Double  shift 3
	Y_Bool  shift 4
	Y_String  shift 5
	Y_Class  shift 6
	Y_Interface  shift 7
	Y_TypeIdentifier  shift 8
	$end  reduce 1

	decl  goto 21
	variabledecl  goto 12
	functiondecl  goto 13
	classdecl  goto 14
	interfacedecl  goto 15
	variable  goto 16
	type  goto 17


state 11
	decls : decl .  (2)

	.  reduce 2


state 12
	decl : variabledecl .  (4)

	.  reduce 4


state 13
	decl : functiondecl .  (5)

	.  reduce 5


state 14
	decl : classdecl .  (6)

	.  reduce 6


state 15
	decl : interfacedecl .  (7)

	.  reduce 7


state 16
	variabledecl : variable . Y_Semicolon  (8)

	Y_Semicolon  shift 22
	.  error


state 17
	variable : type . identifier  (10)
	type : type . Y_LBracket Y_RBracket  (16)
	functiondecl : type . identifier Y_LParen formals Y_RParen stmtblock  (17)

	Y_Identifier  shift 23
	Y_LBracket  shift 24
	.  error

	identifier  goto 25


state 18
	functiondecl : Y_Void $$1 . identifier Y_LParen formals Y_RParen stmtblock  (19)

	Y_Identifier  shift 23
	.  error

	identifier  goto 26


state 19
	classdecl : Y_Class $$4 . identifier nextends nimplements Y_LBrace nfields Y_RBrace  (39)

	Y_Identifier  shift 23
	.  error

	identifier  goto 27


state 20
	interfacedecl : Y_Interface $$5 . identifier Y_LBrace nprototypes Y_RBrace  (47)

	Y_Identifier  shift 23
	.  error

	identifier  goto 28


state 21
	decls : decls decl .  (3)

	.  reduce 3


state 22
	variabledecl : variable Y_Semicolon .  (8)

	.  reduce 8


state 23
	identifier : Y_Identifier .  (9)

	.  reduce 9


state 24
	type : type Y_LBracket . Y_RBracket  (16)

	Y_RBracket  shift 29
	.  error


state 25
	variable : type identifier .  (10)
	functiondecl : type identifier . Y_LParen formals Y_RParen stmtblock  (17)

	Y_LParen  shift 30
	Y_Semicolon  reduce 10


state 26
	functiondecl : Y_Void $$1 identifier . Y_LParen formals Y_RParen stmtblock  (19)

	Y_LParen  shift 31
	.  error


state 27
	classdecl : Y_Class $$4 identifier . nextends nimplements Y_LBrace nfields Y_RBrace  (39)
	nextends : .  (27)

	Y_Extends  shift 32
	Y_Implements  reduce 27
	Y_LBrace  reduce 27

	nextends  goto 33
	extends  goto 34


state 28
	interfacedecl : Y_Interface $$5 identifier . Y_LBrace nprototypes Y_RBrace  (47)

	Y_LBrace  shift 35
	.  error


state 29
	type : type Y_LBracket Y_RBracket .  (16)

	.  reduce 16


state 30
	functiondecl : type identifier Y_LParen . formals Y_RParen stmtblock  (17)
	formals : .  (23)

	Y_Int  shift 2
	Y_Double  shift 3
	Y_Bool  shift 4
	Y_String  shift 5
	Y_TypeIdentifier  shift 8
	Y_RParen  reduce 23

	variable  goto 36
	type  goto 37
	formals  goto 38
	variablelist  goto 39


state 31
	functiondecl : Y_Void $$1 identifier Y_LParen . formals Y_RParen stmtblock  (19)
	formals : .  (23)

	Y_Int  shift 2
	Y_Double  shift 3
	Y_Bool  shift 4
	Y_String  shift 5
	Y_TypeIdentifier  shift 8
	Y_RParen  reduce 23

	variable  goto 36
	type  goto 37
	formals  goto 40
	variablelist  goto 39


state 32
	extends : Y_Extends . $$2 identifier  (29)
	$$2 : .  (28)

	.  reduce 28

	$$2  goto 41


state 33
	classdecl : Y_Class $$4 identifier nextends . nimplements Y_LBrace nfields Y_RBrace  (39)
	nimplements : .  (31)

	Y_Implements  shift 42
	Y_LBrace  reduce 31

	nimplements  goto 43
	implements  goto 44


state 34
	nextends : extends .  (26)

	.  reduce 26


state 35
	interfacedecl : Y_Interface $$5 identifier Y_LBrace . nprototypes Y_RBrace  (47)
	nprototypes : .  (43)

	Y_Void  shift 45
	Y_Int  shift 2
	Y_Double  shift 3
	Y_Bool  shift 4
	Y_String  shift 5
	Y_TypeIdentifier  shift 8
	Y_RBrace  reduce 43

	type  goto 46
	nprototypes  goto 47
	prototypes  goto 48
	prototype  goto 49


state 36
	variablelist : variable .  (20)

	.  reduce 20


state 37
	variable : type . identifier  (10)
	type : type . Y_LBracket Y_RBracket  (16)

	Y_Identifier  shift 23
	Y_LBracket  shift 24
	.  error

	identifier  goto 50


state 38
	functiondecl : type identifier Y_LParen formals . Y_RParen stmtblock  (17)

	Y_RParen  shift 51
	.  error


state 39
	variablelist : variablelist . Y_Comma variable  (21)
	formals : variablelist .  (22)

	Y_Comma  shift 52
	Y_RParen  reduce 22


state 40
	functiondecl : Y_Void $$1 identifier Y_LParen formals . Y_RParen stmtblock  (19)

	Y_RParen  shift 53
	.  error


state 41
	extends : Y_Extends $$2 . identifier  (29)

	Y_Identifier  shift 23
	.  error

	identifier  goto 54


state 42
	implements : Y_Implements . $$3 identifierlist  (33)
	$$3 : .  (32)

	.  reduce 32

	$$3  goto 55


state 43
	classdecl : Y_Class $$4 identifier nextends nimplements . Y_LBrace nfields Y_RBrace  (39)

	Y_LBrace  shift 56
	.  error


state 44
	nimplements : implements .  (30)

	.  reduce 30


state 45
	prototype : Y_Void . $$6 identifier Y_LParen formals Y_RParen Y_Semicolon  (50)
	$$6 : .  (49)

	.  reduce 49

	$$6  goto 57


state 46
	type : type . Y_LBracket Y_RBracket  (16)
	prototype : type . identifier Y_LParen formals Y_RParen Y_Semicolon  (48)

	Y_Identifier  shift 23
	Y_LBracket  shift 24
	.  error

	identifier  goto 58


state 47
	interfacedecl : Y_Interface $$5 identifier Y_LBrace nprototypes . Y_RBrace  (47)

	Y_RBrace  shift 59
	.  error


state 48
	nprototypes : prototypes .  (42)
	prototypes : prototypes . prototype  (45)

	Y_Void  shift 45
	Y_Int  shift 2
	Y_Double  shift 3
	Y_Bool  shift 4
	Y_String  shift 5
	Y_TypeIdentifier  shift 8
	Y_RBrace  reduce 42

	type  goto 46
	prototype  goto 60


state 49
	prototypes : prototype .  (44)

	.  reduce 44


state 50
	variable : type identifier .  (10)

	.  reduce 10


state 51
	functiondecl : type identifier Y_LParen formals Y_RParen . stmtblock  (17)

	Y_LBrace  shift 61
	.  error

	stmtblock  goto 62


state 52
	variablelist : variablelist Y_Comma . variable  (21)

	Y_Int  shift 2
	Y_Double  shift 3
	Y_Bool  shift 4
	Y_String  shift 5
	Y_TypeIdentifier  shift 8
	.  error

	variable  goto 63
	type  goto 37


state 53
	functiondecl : Y_Void $$1 identifier Y_LParen formals Y_RParen . stmtblock  (19)

	Y_LBrace  shift 61
	.  error

	stmtblock  goto 64


state 54
	extends : Y_Extends $$2 identifier .  (29)

	.  reduce 29


state 55
	implements : Y_Implements $$3 . identifierlist  (33)

	Y_Identifier  shift 23
	.  error

	identifier  goto 65
	identifierlist  goto 66


state 56
	classdecl : Y_Class $$4 identifier nextends nimplements Y_LBrace . nfields Y_RBrace  (39)
	nfields : .  (35)

	Y_Void  shift 1
	Y_Int  shift 2
	Y_Double  shift 3
	Y_Bool  shift 4
	Y_String  shift 5
	Y_TypeIdentifier  shift 8
	Y_RBrace  reduce 35

	variabledecl  goto 67
	functiondecl  goto 68
	variable  goto 16
	type  goto 17
	nfields  goto 69
	fields  goto 70
	field  goto 71


state 57
	prototype : Y_Void $$6 . identifier Y_LParen formals Y_RParen Y_Semicolon  (50)

	Y_Identifier  shift 23
	.  error

	identifier  goto 72


state 58
	prototype : type identifier . Y_LParen formals Y_RParen Y_Semicolon  (48)

	Y_LParen  shift 73
	.  error


state 59
	interfacedecl : Y_Interface $$5 identifier Y_LBrace nprototypes Y_RBrace .  (47)

	.  reduce 47


state 60
	prototypes : prototypes prototype .  (45)

	.  reduce 45


state 61
	stmtblock : Y_LBrace . nvariabledecls nstmts Y_RBrace  (59)
	nvariabledecls : .  (56)

	Y_Int  shift 2
	Y_Double  shift 3
	Y_Bool  shift 4
	Y_String  shift 5
	Y_TypeIdentifier  shift 8
	Y_Null  reduce 56
	Y_This  reduce 56
	Y_For  reduce 56
	Y_While  reduce 56
	Y_If  reduce 56
	Y_Return  reduce 56
	Y_Break  reduce 56
	Y_New  reduce 56
	Y_NewArray  reduce 56
	Y_Print  reduce 56
	Y_ReadInteger  reduce 56
	Y_ReadLine  reduce 56
	Y_BoolConstant  reduce 56
	Y_StringConstant  reduce 56
	Y_IntConstant  reduce 56
	Y_DoubleConstant  reduce 56
	Y_Identifier  reduce 56
	Y_Minus  reduce 56
	Y_Not  reduce 56
	Y_Semicolon  reduce 56
	Y_LParen  reduce 56
	Y_LBrace  reduce 56
	Y_RBrace  reduce 56

	variabledecl  goto 74
	variable  goto 16
	type  goto 37
	variabledecls  goto 75
	nvariabledecls  goto 76


state 62
	functiondecl : type identifier Y_LParen formals Y_RParen stmtblock .  (17)

	.  reduce 17


state 63
	variablelist : variablelist Y_Comma variable .  (21)

	.  reduce 21


state 64
	functiondecl : Y_Void $$1 identifier Y_LParen formals Y_RParen stmtblock .  (19)

	.  reduce 19


state 65
	identifierlist : identifier .  (24)

	.  reduce 24


state 66
	identifierlist : identifierlist . Y_Comma identifier  (25)
	implements : Y_Implements $$3 identifierlist .  (33)

	Y_Comma  shift 77
	Y_LBrace  reduce 33


state 67
	field : variabledecl .  (40)

	.  reduce 40


state 68
	field : functiondecl .  (41)

	.  reduce 41


state 69
	classdecl : Y_Class $$4 identifier nextends nimplements Y_LBrace nfields . Y_RBrace  (39)

	Y_RBrace  shift 78
	.  error


state 70
	nfields : fields .  (34)
	fields : fields . field  (37)

	Y_Void  shift 1
	Y_Int  shift 2
	Y_Double  shift 3
	Y_Bool  shift 4
	Y_String  shift 5
	Y_TypeIdentifier  shift 8
	Y_RBrace  reduce 34

	variabledecl  goto 67
	functiondecl  goto 68
	variable  goto 16
	type  goto 17
	field  goto 79


state 71
	fields : field .  (36)

	.  reduce 36


state 72
	prototype : Y_Void $$6 identifier . Y_LParen formals Y_RParen Y_Semicolon  (50)

	Y_LParen  shift 80
	.  error


state 73
	prototype : type identifier Y_LParen . formals Y_RParen Y_Semicolon  (48)
	formals : .  (23)

	Y_Int  shift 2
	Y_Double  shift 3
	Y_Bool  shift 4
	Y_String  shift 5
	Y_TypeIdentifier  shift 8
	Y_RParen  reduce 23

	variable  goto 36
	type  goto 37
	formals  goto 81
	variablelist  goto 39


state 74
	variabledecls : variabledecl .  (51)

	.  reduce 51


state 75
	variabledecls : variabledecls . variabledecl  (52)
	nvariabledecls : variabledecls .  (55)

	Y_Int  shift 2
	Y_Double  shift 3
	Y_Bool  shift 4
	Y_String  shift 5
	Y_TypeIdentifier  shift 8
	Y_Null  reduce 55
	Y_This  reduce 55
	Y_For  reduce 55
	Y_While  reduce 55
	Y_If  reduce 55
	Y_Return  reduce 55
	Y_Break  reduce 55
	Y_New  reduce 55
	Y_NewArray  reduce 55
	Y_Print  reduce 55
	Y_ReadInteger  reduce 55
	Y_ReadLine  reduce 55
	Y_BoolConstant  reduce 55
	Y_StringConstant  reduce 55
	Y_IntConstant  reduce 55
	Y_DoubleConstant  reduce 55
	Y_Identifier  reduce 55
	Y_Minus  reduce 55
	Y_Not  reduce 55
	Y_Semicolon  reduce 55
	Y_LParen  reduce 55
	Y_LBrace  reduce 55
	Y_RBrace  reduce 55

	variabledecl  goto 82
	variable  goto 16
	type  goto 37


state 76
	stmtblock : Y_LBrace nvariabledecls . nstmts Y_RBrace  (59)
	nstmts : .  (58)
	nexpr : .  (93)

	Y_Null  shift 83
	Y_This  shift 84
	Y_For  shift 85
	Y_While  shift 86
	Y_If  shift 87
	Y_Return  shift 88
	Y_Break  shift 89
	Y_New  shift 90
	Y_NewArray  shift 91
	Y_Print  shift 92
	Y_ReadInteger  shift 93
	Y_ReadLine  shift 94
	Y_BoolConstant  shift 95
	Y_StringConstant  shift 96
	Y_IntConstant  shift 97
	Y_DoubleConstant  shift 98
	Y_Identifier  shift 23
	Y_Minus  shift 99
	Y_Not  shift 100
	Y_LParen  shift 101
	Y_LBrace  shift 61
	Y_Semicolon  reduce 93
	Y_RBrace  reduce 58

	identifier  goto 102
	stmtblock  goto 103
	stmts  goto 104
	stmt  goto 105
	nstmts  goto 106
	open_stmt  goto 107
	open_if  goto 108
	open_while  goto 109
	open_for  goto 110
	matched_stmt  goto 111
	matched_if  goto 112
	matched_while  goto 113
	matched_for  goto 114
	other_stmt  goto 115
	nexpr  goto 116
	printstmt  goto 117
	returnstmt  goto 118
	breakstmt  goto 119
	commonif  goto 120
	expr  goto 121
	commonwhile  goto 122
	commonfor  goto 123
	lvalue  goto 124
	constant  goto 125
	call  goto 126
	_identifier  goto 127


state 77
	identifierlist : identifierlist Y_Comma . identifier  (25)

	Y_Identifier  shift 23
	.  error

	identifier  goto 128


state 78
	classdecl : Y_Class $$4 identifier nextends nimplements Y_LBrace nfields Y_RBrace .  (39)

	.  reduce 39


state 79
	fields : fields field .  (37)

	.  reduce 37


state 80
	prototype : Y_Void $$6 identifier Y_LParen . formals Y_RParen Y_Semicolon  (50)
	formals : .  (23)

	Y_Int  shift 2
	Y_Double  shift 3
	Y_Bool  shift 4
	Y_String  shift 5
	Y_TypeIdentifier  shift 8
	Y_RParen  reduce 23

	variable  goto 36
	type  goto 37
	formals  goto 129
	variablelist  goto 39


state 81
	prototype : type identifier Y_LParen formals . Y_RParen Y_Semicolon  (48)

	Y_RParen  shift 130
	.  error


state 82
	variabledecls : variabledecls variabledecl .  (52)

	.  reduce 52


state 83
	constant : Y_Null .  (151)

	.  reduce 151


state 84
	expr : Y_This .  (98)

	.  reduce 98


state 85
	commonfor : Y_For . Y_LParen nexpr Y_Semicolon expr Y_Semicolon nexpr Y_RParen  (81)

	Y_LParen  shift 131
	.  error


state 86
	commonwhile : Y_While . Y_LParen expr Y_RParen  (78)

	Y_LParen  shift 132
	.  error


state 87
	commonif : Y_If . Y_LParen expr Y_RParen  (74)

	Y_LParen  shift 133
	.  error


state 88
	returnstmt : Y_Return . $$7 nexpr Y_Semicolon  (85)
	$$7 : .  (84)

	.  reduce 84

	$$7  goto 134


state 89
	breakstmt : Y_Break . $$8 Y_Semicolon  (87)
	$$8 : .  (86)

	.  reduce 86

	$$8  goto 135


state 90
	expr : Y_New . $$28 Y_LParen identifier Y_RParen  (136)
	$$28 : .  (135)

	.  reduce 135

	$$28  goto 136


state 91
	expr : Y_NewArray . $$29 Y_LParen expr Y_Comma type Y_RParen  (138)
	$$29 : .  (137)

	.  reduce 137

	$$29  goto 137


state 92
	printstmt : Y_Print . $$9 Y_LParen exprlist Y_RParen Y_Semicolon  (89)
	$$9 : .  (88)

	.  reduce 88

	$$9  goto 138


state 93
	expr : Y_ReadInteger . $$26 Y_LParen Y_RParen  (132)
	$$26 : .  (131)

	.  reduce 131

	$$26  goto 139


state 94
	expr : Y_ReadLine . $$27 Y_LParen Y_RParen  (134)
	$$27 : .  (133)

	.  reduce 133

	$$27  goto 140


state 95
	constant : Y_BoolConstant .  (149)

	.  reduce 149


state 96
	constant : Y_StringConstant .  (150)

	.  reduce 150


state 97
	constant : Y_IntConstant .  (147)

	.  reduce 147


state 98
	constant : Y_DoubleConstant .  (148)

	.  reduce 148


state 99
	expr : Y_Minus . $$16 expr  (112)
	$$16 : .  (111)

	.  reduce 111

	$$16  goto 141


state 100
	expr : Y_Not . $$25 expr  (130)
	$$25 : .  (129)

	.  reduce 129

	$$25  goto 142


state 101
	expr : Y_LParen . expr Y_RParen  (100)

	Y_Null  shift 83
	Y_This  shift 84
	Y_New  shift 90
	Y_NewArray  shift 91
	Y_ReadInteger  shift 93
	Y_ReadLine  shift 94
	Y_BoolConstant  shift 95
	Y_StringConstant  shift 96
	Y_IntConstant  shift 97
	Y_DoubleConstant  shift 98
	Y_Identifier  shift 23
	Y_Minus  shift 99
	Y_Not  shift 100
	Y_LParen  shift 101
	.  error

	identifier  goto 102
	expr  goto 143
	lvalue  goto 124
	constant  goto 125
	call  goto 126
	_identifier  goto 127


state 102
	lvalue : identifier .  (139)
	_identifier : identifier .  (142)

	Y_Plus  reduce 139
	Y_Minus  reduce 139
	Y_Times  reduce 139
	Y_Divide  reduce 139
	Y_Mod  reduce 139
	Y_Less  reduce 139
	Y_LessEqual  reduce 139
	Y_Greater  reduce 139
	Y_GreaterEqual  reduce 139
	Y_Assign  reduce 139
	Y_Equal  reduce 139
	Y_NotEqual  reduce 139
	Y_And  reduce 139
	Y_Or  reduce 139
	Y_Semicolon  reduce 139
	Y_Comma  reduce 139
	Y_Dot  reduce 139
	Y_LBracket  reduce 139
	Y_RBracket  reduce 139
	Y_LParen  reduce 142
	Y_RParen  reduce 139


state 103
	other_stmt : stmtblock .  (71)

	.  reduce 71


state 104
	stmts : stmts . stmt  (54)
	nstmts : stmts .  (57)
	nexpr : .  (93)

	Y_Null  shift 83
	Y_This  shift 84
	Y_For  shift 85
	Y_While  shift 86
	Y_If  shift 87
	Y_Return  shift 88
	Y_Break  shift 89
	Y_New  shift 90
	Y_NewArray  shift 91
	Y_Print  shift 92
	Y_ReadInteger  shift 93
	Y_ReadLine  shift 94
	Y_BoolConstant  shift 95
	Y_StringConstant  shift 96
	Y_IntConstant  shift 97
	Y_DoubleConstant  shift 98
	Y_Identifier  shift 23
	Y_Minus  shift 99
	Y_Not  shift 100
	Y_LParen  shift 101
	Y_LBrace  shift 61
	Y_Semicolon  reduce 93
	Y_RBrace  reduce 57

	identifier  goto 102
	stmtblock  goto 103
	stmt  goto 144
	open_stmt  goto 107
	open_if  goto 108
	open_while  goto 109
	open_for  goto 110
	matched_stmt  goto 111
	matched_if  goto 112
	matched_while  goto 113
	matched_for  goto 114
	other_stmt  goto 115
	nexpr  goto 116
	printstmt  goto 117
	returnstmt  goto 118
	breakstmt  goto 119
	commonif  goto 120
	expr  goto 121
	commonwhile  goto 122
	commonfor  goto 123
	lvalue  goto 124
	constant  goto 125
	call  goto 126
	_identifier  goto 127


state 105
	stmts : stmt .  (53)

	.  reduce 53


state 106
	stmtblock : Y_LBrace nvariabledecls nstmts . Y_RBrace  (59)

	Y_RBrace  shift 145
	.  error


state 107
	stmt : open_stmt .  (73)

	.  reduce 73


state 108
	open_stmt : open_if .  (60)

	.  reduce 60


state 109
	open_stmt : open_while .  (61)

	.  reduce 61


state 110
	open_stmt : open_for .  (62)

	.  reduce 62


state 111
	stmt : matched_stmt .  (72)

	.  reduce 72


state 112
	matched_stmt : matched_if .  (63)

	.  reduce 63


state 113
	matched_stmt : matched_while .  (64)

	.  reduce 64


state 114
	matched_stmt : matched_for .  (65)

	.  reduce 65


state 115
	matched_stmt : other_stmt .  (66)

	.  reduce 66


state 116
	other_stmt : nexpr . Y_Semicolon  (67)

	Y_Semicolon  shift 146
	.  error


state 117
	other_stmt : printstmt .  (68)

	.  reduce 68


state 118
	other_stmt : returnstmt .  (69)

	.  reduce 69


state 119
	other_stmt : breakstmt .  (70)

	.  reduce 70


state 120
	matched_if : commonif . matched_stmt Y_Else matched_stmt  (75)
	open_if : commonif . stmt  (76)
	open_if : commonif . matched_stmt Y_Else open_stmt  (77)
	nexpr : .  (93)

	Y_Null  shift 83
	Y_This  shift 84
	Y_For  shift 85
	Y_While  shift 86
	Y_If  shift 87
	Y_Return  shift 88
	Y_Break  shift 89
	Y_New  shift 90
	Y_NewArray  shift 91
	Y_Print  shift 92
	Y_ReadInteger  shift 93
	Y_ReadLine  shift 94
	Y_BoolConstant  shift 95
	Y_StringConstant  shift 96
	Y_IntConstant  shift 97
	Y_DoubleConstant  shift 98
	Y_Identifier  shift 23
	Y_Minus  shift 99
	Y_Not  shift 100
	Y_LParen  shift 101
	Y_LBrace  shift 61
	Y_Semicolon  reduce 93

	identifier  goto 102
	stmtblock  goto 103
	stmt  goto 147
	open_stmt  goto 107
	open_if  goto 108
	open_while  goto 109
	open_for  goto 110
	matched_stmt  goto 148
	matched_if  goto 112
	matched_while  goto 113
	matched_for  goto 114
	other_stmt  goto 115
	nexpr  goto 116
	printstmt  goto 117
	returnstmt  goto 118
	breakstmt  goto 119
	commonif  goto 120
	expr  goto 121
	commonwhile  goto 122
	commonfor  goto 123
	lvalue  goto 124
	constant  goto 125
	call  goto 126
	_identifier  goto 127


state 121
	nexpr : expr .  (92)
	expr : expr . Y_Plus $$11 expr  (102)
	expr : expr . Y_Minus $$12 expr  (104)
	expr : expr . Y_Times $$13 expr  (106)
	expr : expr . Y_Divide $$14 expr  (108)
	expr : expr . Y_Mod $$15 expr  (110)
	expr : expr . Y_Less $$17 expr  (114)
	expr : expr . Y_Greater $$18 expr  (116)
	expr : expr . Y_LessEqual $$19 expr  (118)
	expr : expr . Y_GreaterEqual $$20 expr  (120)
	expr : expr . Y_Equal $$21 expr  (122)
	expr : expr . Y_NotEqual $$22 expr  (124)
	expr : expr . Y_And $$23 expr  (126)
	expr : expr . Y_Or $$24 expr  (128)
	lvalue : expr . Y_Dot identifier  (140)
	lvalue : expr . Y_LBracket expr Y_RBracket  (141)
	call : expr . Y_Dot _identifier Y_LParen actuals Y_RParen  (144)

	Y_Plus  shift 149
	Y_Minus  shift 150
	Y_Times  shift 151
	Y_Divide  shift 152
	Y_Mod  shift 153
	Y_Less  shift 154
	Y_LessEqual  shift 155
	Y_Greater  shift 156
	Y_GreaterEqual  shift 157
	Y_Equal  shift 158
	Y_NotEqual  shift 159
	Y_And  shift 160
	Y_Or  shift 161
	Y_Dot  shift 162
	Y_LBracket  shift 163
	Y_Semicolon  reduce 92
	Y_RParen  reduce 92


state 122
	matched_while : commonwhile . matched_stmt  (79)
	open_while : commonwhile . open_stmt  (80)
	nexpr : .  (93)

	Y_Null  shift 83
	Y_This  shift 84
	Y_For  shift 85
	Y_While  shift 86
	Y_If  shift 87
	Y_Return  shift 88
	Y_Break  shift 89
	Y_New  shift 90
	Y_NewArray  shift 91
	Y_Print  shift 92
	Y_ReadInteger  shift 93
	Y_ReadLine  shift 94
	Y_BoolConstant  shift 95
	Y_StringConstant  shift 96
	Y_IntConstant  shift 97
	Y_DoubleConstant  shift 98
	Y_Identifier  shift 23
	Y_Minus  shift 99
	Y_Not  shift 100
	Y_LParen  shift 101
	Y_LBrace  shift 61
	Y_Semicolon  reduce 93

	identifier  goto 102
	stmtblock  goto 103
	open_stmt  goto 164
	open_if  goto 108
	open_while  goto 109
	open_for  goto 110
	matched_stmt  goto 165
	matched_if  goto 112
	matched_while  goto 113
	matched_for  goto 114
	other_stmt  goto 115
	nexpr  goto 116
	printstmt  goto 117
	returnstmt  goto 118
	breakstmt  goto 119
	commonif  goto 120
	expr  goto 121
	commonwhile  goto 122
	commonfor  goto 123
	lvalue  goto 124
	constant  goto 125
	call  goto 126
	_identifier  goto 127


state 123
	matched_for : commonfor . matched_stmt  (82)
	open_for : commonfor . open_stmt  (83)
	nexpr : .  (93)

	Y_Null  shift 83
	Y_This  shift 84
	Y_For  shift 85
	Y_While  shift 86
	Y_If  shift 87
	Y_Return  shift 88
	Y_Break  shift 89
	Y_New  shift 90
	Y_NewArray  shift 91
	Y_Print  shift 92
	Y_ReadInteger  shift 93
	Y_ReadLine  shift 94
	Y_BoolConstant  shift 95
	Y_StringConstant  shift 96
	Y_IntConstant  shift 97
	Y_DoubleConstant  shift 98
	Y_Identifier  shift 23
	Y_Minus  shift 99
	Y_Not  shift 100
	Y_LParen  shift 101
	Y_LBrace  shift 61
	Y_Semicolon  reduce 93

	identifier  goto 102
	stmtblock  goto 103
	open_stmt  goto 166
	open_if  goto 108
	open_while  goto 109
	open_for  goto 110
	matched_stmt  goto 167
	matched_if  goto 112
	matched_while  goto 113
	matched_for  goto 114
	other_stmt  goto 115
	nexpr  goto 116
	printstmt  goto 117
	returnstmt  goto 118
	breakstmt  goto 119
	commonif  goto 120
	expr  goto 121
	commonwhile  goto 122
	commonfor  goto 123
	lvalue  goto 124
	constant  goto 125
	call  goto 126
	_identifier  goto 127


state 124
	expr : lvalue . Y_Assign $$10 expr  (95)
	expr : lvalue .  (97)

	Y_Assign  shift 168
	Y_Plus  reduce 97
	Y_Minus  reduce 97
	Y_Times  reduce 97
	Y_Divide  reduce 97
	Y_Mod  reduce 97
	Y_Less  reduce 97
	Y_LessEqual  reduce 97
	Y_Greater  reduce 97
	Y_GreaterEqual  reduce 97
	Y_Equal  reduce 97
	Y_NotEqual  reduce 97
	Y_And  reduce 97
	Y_Or  reduce 97
	Y_Semicolon  reduce 97
	Y_Comma  reduce 97
	Y_Dot  reduce 97
	Y_LBracket  reduce 97
	Y_RBracket  reduce 97
	Y_RParen  reduce 97


state 125
	expr : constant .  (96)

	.  reduce 96


state 126
	expr : call .  (99)

	.  reduce 99


state 127
	call : _identifier . Y_LParen actuals Y_RParen  (143)

	Y_LParen  shift 169
	.  error


state 128
	identifierlist : identifierlist Y_Comma identifier .  (25)

	.  reduce 25


state 129
	prototype : Y_Void $$6 identifier Y_LParen formals . Y_RParen Y_Semicolon  (50)

	Y_RParen  shift 170
	.  error


state 130
	prototype : type identifier Y_LParen formals Y_RParen . Y_Semicolon  (48)

	Y_Semicolon  shift 171
	.  error


state 131
	commonfor : Y_For Y_LParen . nexpr Y_Semicolon expr Y_Semicolon nexpr Y_RParen  (81)
	nexpr : .  (93)

	Y_Null  shift 83
	Y_This  shift 84
	Y_New  shift 90
	Y_NewArray  shift 91
	Y_ReadInteger  shift 93
	Y_ReadLine  shift 94
	Y_BoolConstant  shift 95
	Y_StringConstant  shift 96
	Y_IntConstant  shift 97
	Y_DoubleConstant  shift 98
	Y_Identifier  shift 23
	Y_Minus  shift 99
	Y_Not  shift 100
	Y_LParen  shift 101
	Y_Semicolon  reduce 93

	identifier  goto 102
	nexpr  goto 172
	expr  goto 121
	lvalue  goto 124
	constant  goto 125
	call  goto 126
	_identifier  goto 127


state 132
	commonwhile : Y_While Y_LParen . expr Y_RParen  (78)

	Y_Null  shift 83
	Y_This  shift 84
	Y_New  shift 90
	Y_NewArray  shift 91
	Y_ReadInteger  shift 93
	Y_ReadLine  shift 94
	Y_BoolConstant  shift 95
	Y_StringConstant  shift 96
	Y_IntConstant  shift 97
	Y_DoubleConstant  shift 98
	Y_Identifier  shift 23
	Y_Minus  shift 99
	Y_Not  shift 100
	Y_LParen  shift 101
	.  error

	identifier  goto 102
	expr  goto 173
	lvalue  goto 124
	constant  goto 125
	call  goto 126
	_identifier  goto 127


state 133
	commonif : Y_If Y_LParen . expr Y_RParen  (74)

	Y_Null  shift 83
	Y_This  shift 84
	Y_New  shift 90
	Y_NewArray  shift 91
	Y_ReadInteger  shift 93
	Y_ReadLine  shift 94
	Y_BoolConstant  shift 95
	Y_StringConstant  shift 96
	Y_IntConstant  shift 97
	Y_DoubleConstant  shift 98
	Y_Identifier  shift 23
	Y_Minus  shift 99
	Y_Not  shift 100
	Y_LParen  shift 101
	.  error

	identifier  goto 102
	expr  goto 174
	lvalue  goto 124
	constant  goto 125
	call  goto 126
	_identifier  goto 127


state 134
	returnstmt : Y_Return $$7 . nexpr Y_Semicolon  (85)
	nexpr : .  (93)

	Y_Null  shift 83
	Y_This  shift 84
	Y_New  shift 90
	Y_NewArray  shift 91
	Y_ReadInteger  shift 93
	Y_ReadLine  shift 94
	Y_BoolConstant  shift 95
	Y_StringConstant  shift 96
	Y_IntConstant  shift 97
	Y_DoubleConstant  shift 98
	Y_Identifier  shift 23
	Y_Minus  shift 99
	Y_Not  shift 100
	Y_LParen  shift 101
	Y_Semicolon  reduce 93

	identifier  goto 102
	nexpr  goto 175
	expr  goto 121
	lvalue  goto 124
	constant  goto 125
	call  goto 126
	_identifier  goto 127


state 135
	breakstmt : Y_Break $$8 . Y_Semicolon  (87)

	Y_Semicolon  shift 176
	.  error


state 136
	expr : Y_New $$28 . Y_LParen identifier Y_RParen  (136)

	Y_LParen  shift 177
	.  error


state 137
	expr : Y_NewArray $$29 . Y_LParen expr Y_Comma type Y_RParen  (138)

	Y_LParen  shift 178
	.  error


state 138
	printstmt : Y_Print $$9 . Y_LParen exprlist Y_RParen Y_Semicolon  (89)

	Y_LParen  shift 179
	.  error


state 139
	expr : Y_ReadInteger $$26 . Y_LParen Y_RParen  (132)

	Y_LParen  shift 180
	.  error


state 140
	expr : Y_ReadLine $$27 . Y_LParen Y_RParen  (134)

	Y_LParen  shift 181
	.  error


state 141
	expr : Y_Minus $$16 . expr  (112)

	Y_Null  shift 83
	Y_This  shift 84
	Y_New  shift 90
	Y_NewArray  shift 91
	Y_ReadInteger  shift 93
	Y_ReadLine  shift 94
	Y_BoolConstant  shift 95
	Y_StringConstant  shift 96
	Y_IntConstant  shift 97
	Y_DoubleConstant  shift 98
	Y_Identifier  shift 23
	Y_Minus  shift 99
	Y_Not  shift 100
	Y_LParen  shift 101
	.  error

	identifier  goto 102
	expr  goto 182
	lvalue  goto 124
	constant  goto 125
	call  goto 126
	_identifier  goto 127


state 142
	expr : Y_Not $$25 . expr  (130)

	Y_Null  shift 83
	Y_This  shift 84
	Y_New  shift 90
	Y_NewArray  shift 91
	Y_ReadInteger  shift 93
	Y_ReadLine  shift 94
	Y_BoolConstant  shift 95
	Y_StringConstant  shift 96
	Y_IntConstant  shift 97
	Y_DoubleConstant  shift 98
	Y_Identifier  shift 23
	Y_Minus  shift 99
	Y_Not  shift 100
	Y_LParen  shift 101
	.  error

	identifier  goto 102
	expr  goto 183
	lvalue  goto 124
	constant  goto 125
	call  goto 126
	_identifier  goto 127


state 143
	expr : Y_LParen expr . Y_RParen  (100)
	expr : expr . Y_Plus $$11 expr  (102)
	expr : expr . Y_Minus $$12 expr  (104)
	expr : expr . Y_Times $$13 expr  (106)
	expr : expr . Y_Divide $$14 expr  (108)
	expr : expr . Y_Mod $$15 expr  (110)
	expr : expr . Y_Less $$17 expr  (114)
	expr : expr . Y_Greater $$18 expr  (116)
	expr : expr . Y_LessEqual $$19 expr  (118)
	expr : expr . Y_GreaterEqual $$20 expr  (120)
	expr : expr . Y_Equal $$21 expr  (122)
	expr : expr . Y_NotEqual $$22 expr  (124)
	expr : expr . Y_And $$23 expr  (126)
	expr : expr . Y_Or $$24 expr  (128)
	lvalue : expr . Y_Dot identifier  (140)
	lvalue : expr . Y_LBracket expr Y_RBracket  (141)
	call : expr . Y_Dot _identifier Y_LParen actuals Y_RParen  (144)

	Y_Plus  shift 149
	Y_Minus  shift 150
	Y_Times  shift 151
	Y_Divide  shift 152
	Y_Mod  shift 153
	Y_Less  shift 154
	Y_LessEqual  shift 155
	Y_Greater  shift 156
	Y_GreaterEqual  shift 157
	Y_Equal  shift 158
	Y_NotEqual  shift 159
	Y_And  shift 160
	Y_Or  shift 161
	Y_Dot  shift 162
	Y_LBracket  shift 163
	Y_RParen  shift 184
	.  error


state 144
	stmts : stmts stmt .  (54)

	.  reduce 54


state 145
	stmtblock : Y_LBrace nvariabledecls nstmts Y_RBrace .  (59)

	.  reduce 59


state 146
	other_stmt : nexpr Y_Semicolon .  (67)

	.  reduce 67


state 147
	open_if : commonif stmt .  (76)

	.  reduce 76


state 148
	stmt : matched_stmt .  (72)
	matched_if : commonif matched_stmt . Y_Else matched_stmt  (75)
	open_if : commonif matched_stmt . Y_Else open_stmt  (77)

	Y_Else  shift 185
	Y_Null  reduce 72
	Y_This  reduce 72
	Y_For  reduce 72
	Y_While  reduce 72
	Y_If  reduce 72
	Y_Return  reduce 72
	Y_Break  reduce 72
	Y_New  reduce 72
	Y_NewArray  reduce 72
	Y_Print  reduce 72
	Y_ReadInteger  reduce 72
	Y_ReadLine  reduce 72
	Y_BoolConstant  reduce 72
	Y_StringConstant  reduce 72
	Y_IntConstant  reduce 72
	Y_DoubleConstant  reduce 72
	Y_Identifier  reduce 72
	Y_Minus  reduce 72
	Y_Not  reduce 72
	Y_Semicolon  reduce 72
	Y_LParen  reduce 72
	Y_LBrace  reduce 72
	Y_RBrace  reduce 72


state 149
	expr : expr Y_Plus . $$11 expr  (102)
	$$11 : .  (101)

	.  reduce 101

	$$11  goto 186


state 150
	expr : expr Y_Minus . $$12 expr  (104)
	$$12 : .  (103)

	.  reduce 103

	$$12  goto 187


state 151
	expr : expr Y_Times . $$13 expr  (106)
	$$13 : .  (105)

	.  reduce 105

	$$13  goto 188


state 152
	expr : expr Y_Divide . $$14 expr  (108)
	$$14 : .  (107)

	.  reduce 107

	$$14  goto 189


state 153
	expr : expr Y_Mod . $$15 expr  (110)
	$$15 : .  (109)

	.  reduce 109

	$$15  goto 190


state 154
	expr : expr Y_Less . $$17 expr  (114)
	$$17 : .  (113)

	.  reduce 113

	$$17  goto 191


state 155
	expr : expr Y_LessEqual . $$19 expr  (118)
	$$19 : .  (117)

	.  reduce 117

	$$19  goto 192


state 156
	expr : expr Y_Greater . $$18 expr  (116)
	$$18 : .  (115)

	.  reduce 115

	$$18  goto 193


state 157
	expr : expr Y_GreaterEqual . $$20 expr  (120)
	$$20 : .  (119)

	.  reduce 119

	$$20  goto 194


state 158
	expr : expr Y_Equal . $$21 expr  (122)
	$$21 : .  (121)

	.  reduce 121

	$$21  goto 195


state 159
	expr : expr Y_NotEqual . $$22 expr  (124)
	$$22 : .  (123)

	.  reduce 123

	$$22  goto 196


state 160
	expr : expr Y_And . $$23 expr  (126)
	$$23 : .  (125)

	.  reduce 125

	$$23  goto 197


state 161
	expr : expr Y_Or . $$24 expr  (128)
	$$24 : .  (127)

	.  reduce 127

	$$24  goto 198


state 162
	lvalue : expr Y_Dot . identifier  (140)
	call : expr Y_Dot . _identifier Y_LParen actuals Y_RParen  (144)

	Y_Identifier  shift 23
	.  error

	identifier  goto 199
	_identifier  goto 200


state 163
	lvalue : expr Y_LBracket . expr Y_RBracket  (141)

	Y_Null  shift 83
	Y_This  shift 84
	Y_New  shift 90
	Y_NewArray  shift 91
	Y_ReadInteger  shift 93
	Y_ReadLine  shift 94
	Y_BoolConstant  shift 95
	Y_StringConstant  shift 96
	Y_IntConstant  shift 97
	Y_DoubleConstant  shift 98
	Y_Identifier  shift 23
	Y_Minus  shift 99
	Y_Not  shift 100
	Y_LParen  shift 101
	.  error

	identifier  goto 102
	expr  goto 201
	lvalue  goto 124
	constant  goto 125
	call  goto 126
	_identifier  goto 127


state 164
	open_while : commonwhile open_stmt .  (80)

	.  reduce 80


state 165
	matched_while : commonwhile matched_stmt .  (79)

	.  reduce 79


state 166
	open_for : commonfor open_stmt .  (83)

	.  reduce 83


state 167
	matched_for : commonfor matched_stmt .  (82)

	.  reduce 82


state 168
	expr : lvalue Y_Assign . $$10 expr  (95)
	$$10 : .  (94)

	.  reduce 94

	$$10  goto 202


state 169
	call : _identifier Y_LParen . actuals Y_RParen  (143)
	actuals : .  (146)

	Y_Null  shift 83
	Y_This  shift 84
	Y_New  shift 90
	Y_NewArray  shift 91
	Y_ReadInteger  shift 93
	Y_ReadLine  shift 94
	Y_BoolConstant  shift 95
	Y_StringConstant  shift 96
	Y_IntConstant  shift 97
	Y_DoubleConstant  shift 98
	Y_Identifier  shift 23
	Y_Minus  shift 99
	Y_Not  shift 100
	Y_LParen  shift 101
	Y_RParen  reduce 146

	identifier  goto 102
	expr  goto 203
	exprlist  goto 204
	lvalue  goto 124
	constant  goto 125
	call  goto 126
	_identifier  goto 127
	actuals  goto 205


state 170
	prototype : Y_Void $$6 identifier Y_LParen formals Y_RParen . Y_Semicolon  (50)

	Y_Semicolon  shift 206
	.  error


state 171
	prototype : type identifier Y_LParen formals Y_RParen Y_Semicolon .  (48)

	.  reduce 48


state 172
	commonfor : Y_For Y_LParen nexpr . Y_Semicolon expr Y_Semicolon nexpr Y_RParen  (81)

	Y_Semicolon  shift 207
	.  error


state 173
	commonwhile : Y_While Y_LParen expr . Y_RParen  (78)
	expr : expr . Y_Plus $$11 expr  (102)
	expr : expr . Y_Minus $$12 expr  (104)
	expr : expr . Y_Times $$13 expr  (106)
	expr : expr . Y_Divide $$14 expr  (108)
	expr : expr . Y_Mod $$15 expr  (110)
	expr : expr . Y_Less $$17 expr  (114)
	expr : expr . Y_Greater $$18 expr  (116)
	expr : expr . Y_LessEqual $$19 expr  (118)
	expr : expr . Y_GreaterEqual $$20 expr  (120)
	expr : expr . Y_Equal $$21 expr  (122)
	expr : expr . Y_NotEqual $$22 expr  (124)
	expr : expr . Y_And $$23 expr  (126)
	expr : expr . Y_Or $$24 expr  (128)
	lvalue : expr . Y_Dot identifier  (140)
	lvalue : expr . Y_LBracket expr Y_RBracket  (141)
	call : expr . Y_Dot _identifier Y_LParen actuals Y_RParen  (144)

	Y_Plus  shift 149
	Y_Minus  shift 150
	Y_Times  shift 151
	Y_Divide  shift 152
	Y_Mod  shift 153
	Y_Less  shift 154
	Y_LessEqual  shift 155
	Y_Greater  shift 156
	Y_GreaterEqual  shift 157
	Y_Equal  shift 158
	Y_NotEqual  shift 159
	Y_And  shift 160
	Y_Or  shift 161
	Y_Dot  shift 162
	Y_LBracket  shift 163
	Y_RParen  shift 208
	.  error


state 174
	commonif : Y_If Y_LParen expr . Y_RParen  (74)
	expr : expr . Y_Plus $$11 expr  (102)
	expr : expr . Y_Minus $$12 expr  (104)
	expr : expr . Y_Times $$13 expr  (106)
	expr : expr . Y_Divide $$14 expr  (108)
	expr : expr . Y_Mod $$15 expr  (110)
	expr : expr . Y_Less $$17 expr  (114)
	expr : expr . Y_Greater $$18 expr  (116)
	expr : expr . Y_LessEqual $$19 expr  (118)
	expr : expr . Y_GreaterEqual $$20 expr  (120)
	expr : expr . Y_Equal $$21 expr  (122)
	expr : expr . Y_NotEqual $$22 expr  (124)
	expr : expr . Y_And $$23 expr  (126)
	expr : expr . Y_Or $$24 expr  (128)
	lvalue : expr . Y_Dot identifier  (140)
	lvalue : expr . Y_LBracket expr Y_RBracket  (141)
	call : expr . Y_Dot _identifier Y_LParen actuals Y_RParen  (144)

	Y_Plus  shift 149
	Y_Minus  shift 150
	Y_Times  shift 151
	Y_Divide  shift 152
	Y_Mod  shift 153
	Y_Less  shift 154
	Y_LessEqual  shift 155
	Y_Greater  shift 156
	Y_GreaterEqual  shift 157
	Y_Equal  shift 158
	Y_NotEqual  shift 159
	Y_And  shift 160
	Y_Or  shift 161
	Y_Dot  shift 162
	Y_LBracket  shift 163
	Y_RParen  shift 209
	.  error


state 175
	returnstmt : Y_Return $$7 nexpr . Y_Semicolon  (85)

	Y_Semicolon  shift 210
	.  error


state 176
	breakstmt : Y_Break $$8 Y_Semicolon .  (87)

	.  reduce 87


state 177
	expr : Y_New $$28 Y_LParen . identifier Y_RParen  (136)

	Y_Identifier  shift 23
	.  error

	identifier  goto 211


state 178
	expr : Y_NewArray $$29 Y_LParen . expr Y_Comma type Y_RParen  (138)

	Y_Null  shift 83
	Y_This  shift 84
	Y_New  shift 90
	Y_NewArray  shift 91
	Y_ReadInteger  shift 93
	Y_ReadLine  shift 94
	Y_BoolConstant  shift 95
	Y_StringConstant  shift 96
	Y_IntConstant  shift 97
	Y_DoubleConstant  shift 98
	Y_Identifier  shift 23
	Y_Minus  shift 99
	Y_Not  shift 100
	Y_LParen  shift 101
	.  error

	identifier  goto 102
	expr  goto 212
	lvalue  goto 124
	constant  goto 125
	call  goto 126
	_identifier  goto 127


state 179
	printstmt : Y_Print $$9 Y_LParen . exprlist Y_RParen Y_Semicolon  (89)

	Y_Null  shift 83
	Y_This  shift 84
	Y_New  shift 90
	Y_NewArray  shift 91
	Y_ReadInteger  shift 93
	Y_ReadLine  shift 94
	Y_BoolConstant  shift 95
	Y_StringConstant  shift 96
	Y_IntConstant  shift 97
	Y_DoubleConstant  shift 98
	Y_Identifier  shift 23
	Y_Minus  shift 99
	Y_Not  shift 100
	Y_LParen  shift 101
	.  error

	identifier  goto 102
	expr  goto 203
	exprlist  goto 213
	lvalue  goto 124
	constant  goto 125
	call  goto 126
	_identifier  goto 127


state 180
	expr : Y_ReadInteger $$26 Y_LParen . Y_RParen  (132)

	Y_RParen  shift 214
	.  error


state 181
	expr : Y_ReadLine $$27 Y_LParen . Y_RParen  (134)

	Y_RParen  shift 215
	.  error


state 182
	expr : expr . Y_Plus $$11 expr  (102)
	expr : expr . Y_Minus $$12 expr  (104)
	expr : expr . Y_Times $$13 expr  (106)
	expr : expr . Y_Divide $$14 expr  (108)
	expr : expr . Y_Mod $$15 expr  (110)
	expr : Y_Minus $$16 expr .  (112)
	expr : expr . Y_Less $$17 expr  (114)
	expr : expr . Y_Greater $$18 expr  (116)
	expr : expr . Y_LessEqual $$19 expr  (118)
	expr : expr . Y_GreaterEqual $$20 expr  (120)
	expr : expr . Y_Equal $$21 expr  (122)
	expr : expr . Y_NotEqual $$22 expr  (124)
	expr : expr . Y_And $$23 expr  (126)
	expr : expr . Y_Or $$24 expr  (128)
	lvalue : expr . Y_Dot identifier  (140)
	lvalue : expr . Y_LBracket expr Y_RBracket  (141)
	call : expr . Y_Dot _identifier Y_LParen actuals Y_RParen  (144)

	Y_Times  shift 151
	Y_Divide  shift 152
	Y_Mod  shift 153
	Y_Dot  shift 162
	Y_LBracket  shift 163
	Y_Plus  reduce 112
	Y_Minus  reduce 112
	Y_Less  reduce 112
	Y_LessEqual  reduce 112
	Y_Greater  reduce 112
	Y_GreaterEqual  reduce 112
	Y_Equal  reduce 112
	Y_NotEqual  reduce 112
	Y_And  reduce 112
	Y_Or  reduce 112
	Y_Semicolon  reduce 112
	Y_Comma  reduce 112
	Y_RBracket  reduce 112
	Y_RParen  reduce 112


state 183
	expr : expr . Y_Plus $$11 expr  (102)
	expr : expr . Y_Minus $$12 expr  (104)
	expr : expr . Y_Times $$13 expr  (106)
	expr : expr . Y_Divide $$14 expr  (108)
	expr : expr . Y_Mod $$15 expr  (110)
	expr : expr . Y_Less $$17 expr  (114)
	expr : expr . Y_Greater $$18 expr  (116)
	expr : expr . Y_LessEqual $$19 expr  (118)
	expr : expr . Y_GreaterEqual $$20 expr  (120)
	expr : expr . Y_Equal $$21 expr  (122)
	expr : expr . Y_NotEqual $$22 expr  (124)
	expr : expr . Y_And $$23 expr  (126)
	expr : expr . Y_Or $$24 expr  (128)
	expr : Y_Not $$25 expr .  (130)
	lvalue : expr . Y_Dot identifier  (140)
	lvalue : expr . Y_LBracket expr Y_RBracket  (141)
	call : expr . Y_Dot _identifier Y_LParen actuals Y_RParen  (144)

	Y_Dot  shift 162
	Y_LBracket  shift 163
	Y_Plus  reduce 130
	Y_Minus  reduce 130
	Y_Times  reduce 130
	Y_Divide  reduce 130
	Y_Mod  reduce 130
	Y_Less  reduce 130
	Y_LessEqual  reduce 130
	Y_Greater  reduce 130
	Y_GreaterEqual  reduce 130
	Y_Equal  reduce 130
	Y_NotEqual  reduce 130
	Y_And  reduce 130
	Y_Or  reduce 130
	Y_Semicolon  reduce 130
	Y_Comma  reduce 130
	Y_RBracket  reduce 130
	Y_RParen  reduce 130


state 184
	expr : Y_LParen expr Y_RParen .  (100)

	.  reduce 100


state 185
	matched_if : commonif matched_stmt Y_Else . matched_stmt  (75)
	open_if : commonif matched_stmt Y_Else . open_stmt  (77)
	nexpr : .  (93)

	Y_Null  shift 83
	Y_This  shift 84
	Y_For  shift 85
	Y_While  shift 86
	Y_If  shift 87
	Y_Return  shift 88
	Y_Break  shift 89
	Y_New  shift 90
	Y_NewArray  shift 91
	Y_Print  shift 92
	Y_ReadInteger  shift 93
	Y_ReadLine  shift 94
	Y_BoolConstant  shift 95
	Y_StringConstant  shift 96
	Y_IntConstant  shift 97
	Y_DoubleConstant  shift 98
	Y_Identifier  shift 23
	Y_Minus  shift 99
	Y_Not  shift 100
	Y_LParen  shift 101
	Y_LBrace  shift 61
	Y_Semicolon  reduce 93

	identifier  goto 102
	stmtblock  goto 103
	open_stmt  goto 216
	open_if  goto 108
	open_while  goto 109
	open_for  goto 110
	matched_stmt  goto 217
	matched_if  goto 112
	matched_while  goto 113
	matched_for  goto 114
	other_stmt  goto 115
	nexpr  goto 116
	printstmt  goto 117
	returnstmt  goto 118
	breakstmt  goto 119
	commonif  goto 120
	expr  goto 121
	commonwhile  goto 122
	commonfor  goto 123
	lvalue  goto 124
	constant  goto 125
	call  goto 126
	_identifier  goto 127


state 186
	expr : expr Y_Plus $$11 . expr  (102)

	Y_Null  shift 83
	Y_This  shift 84
	Y_New  shift 90
	Y_NewArray  shift 91
	Y_ReadInteger  shift 93
	Y_ReadLine  shift 94
	Y_BoolConstant  shift 95
	Y_StringConstant  shift 96
	Y_IntConstant  shift 97
	Y_DoubleConstant  shift 98
	Y_Identifier  shift 23
	Y_Minus  shift 99
	Y_Not  shift 100
	Y_LParen  shift 101
	.  error

	identifier  goto 102
	expr  goto 218
	lvalue  goto 124
	constant  goto 125
	call  goto 126
	_identifier  goto 127


state 187
	expr : expr Y_Minus $$12 . expr  (104)

	Y_Null  shift 83
	Y_This  shift 84
	Y_New  shift 90
	Y_NewArray  shift 91
	Y_ReadInteger  shift 93
	Y_ReadLine  shift 94
	Y_BoolConstant  shift 95
	Y_StringConstant  shift 96
	Y_IntConstant  shift 97
	Y_DoubleConstant  shift 98
	Y_Identifier  shift 23
	Y_Minus  shift 99
	Y_Not  shift 100
	Y_LParen  shift 101
	.  error

	identifier  goto 102
	expr  goto 219
	lvalue  goto 124
	constant  goto 125
	call  goto 126
	_identifier  goto 127


state 188
	expr : expr Y_Times $$13 . expr  (106)

	Y_Null  shift 83
	Y_This  shift 84
	Y_New  shift 90
	Y_NewArray  shift 91
	Y_ReadInteger  shift 93
	Y_ReadLine  shift 94
	Y_BoolConstant  shift 95
	Y_StringConstant  shift 96
	Y_IntConstant  shift 97
	Y_DoubleConstant  shift 98
	Y_Identifier  shift 23
	Y_Minus  shift 99
	Y_Not  shift 100
	Y_LParen  shift 101
	.  error

	identifier  goto 102
	expr  goto 220
	lvalue  goto 124
	constant  goto 125
	call  goto 126
	_identifier  goto 127


state 189
	expr : expr Y_Divide $$14 . expr  (108)

	Y_Null  shift 83
	Y_This  shift 84
	Y_New  shift 90
	Y_NewArray  shift 91
	Y_ReadInteger  shift 93
	Y_ReadLine  shift 94
	Y_BoolConstant  shift 95
	Y_StringConstant  shift 96
	Y_IntConstant  shift 97
	Y_DoubleConstant  shift 98
	Y_Identifier  shift 23
	Y_Minus  shift 99
	Y_Not  shift 100
	Y_LParen  shift 101
	.  error

	identifier  goto 102
	expr  goto 221
	lvalue  goto 124
	constant  goto 125
	call  goto 126
	_identifier  goto 127


state 190
	expr : expr Y_Mod $$15 . expr  (110)

	Y_Null  shift 83
	Y_This  shift 84
	Y_New  shift 90
	Y_NewArray  shift 91
	Y_ReadInteger  shift 93
	Y_ReadLine  shift 94
	Y_BoolConstant  shift 95
	Y_StringConstant  shift 96
	Y_IntConstant  shift 97
	Y_DoubleConstant  shift 98
	Y_Identifier  shift 23
	Y_Minus  shift 99
	Y_Not  shift 100
	Y_LParen  shift 101
	.  error

	identifier  goto 102
	expr  goto 222
	lvalue  goto 124
	constant  goto 125
	call  goto 126
	_identifier  goto 127


state 191
	expr : expr Y_Less $$17 . expr  (114)

	Y_Null  shift 83
	Y_This  shift 84
	Y_New  shift 90
	Y_NewArray  shift 91
	Y_ReadInteger  shift 93
	Y_ReadLine  shift 94
	Y_BoolConstant  shift 95
	Y_StringConstant  shift 96
	Y_IntConstant  shift 97
	Y_DoubleConstant  shift 98
	Y_Identifier  shift 23
	Y_Minus  shift 99
	Y_Not  shift 100
	Y_LParen  shift 101
	.  error

	identifier  goto 102
	expr  goto 223
	lvalue  goto 124
	constant  goto 125
	call  goto 126
	_identifier  goto 127


state 192
	expr : expr Y_LessEqual $$19 . expr  (118)

	Y_Null  shift 83
	Y_This  shift 84
	Y_New  shift 90
	Y_NewArray  shift 91
	Y_ReadInteger  shift 93
	Y_ReadLine  shift 94
	Y_BoolConstant  shift 95
	Y_StringConstant  shift 96
	Y_IntConstant  shift 97
	Y_DoubleConstant  shift 98
	Y_Identifier  shift 23
	Y_Minus  shift 99
	Y_Not  shift 100
	Y_LParen  shift 101
	.  error

	identifier  goto 102
	expr  goto 224
	lvalue  goto 124
	constant  goto 125
	call  goto 126
	_identifier  goto 127


state 193
	expr : expr Y_Greater $$18 . expr  (116)

	Y_Null  shift 83
	Y_This  shift 84
	Y_New  shift 90
	Y_NewArray  shift 91
	Y_ReadInteger  shift 93
	Y_ReadLine  shift 94
	Y_BoolConstant  shift 95
	Y_StringConstant  shift 96
	Y_IntConstant  shift 97
	Y_DoubleConstant  shift 98
	Y_Identifier  shift 23
	Y_Minus  shift 99
	Y_Not  shift 100
	Y_LParen  shift 101
	.  error

	identifier  goto 102
	expr  goto 225
	lvalue  goto 124
	constant  goto 125
	call  goto 126
	_identifier  goto 127


state 194
	expr : expr Y_GreaterEqual $$20 . expr  (120)

	Y_Null  shift 83
	Y_This  shift 84
	Y_New  shift 90
	Y_NewArray  shift 91
	Y_ReadInteger  shift 93
	Y_ReadLine  shift 94
	Y_BoolConstant  shift 95
	Y_StringConstant  shift 96
	Y_IntConstant  shift 97
	Y_DoubleConstant  shift 98
	Y_Identifier  shift 23
	Y_Minus  shift 99
	Y_Not  shift 100
	Y_LParen  shift 101
	.  error

	identifier  goto 102
	expr  goto 226
	lvalue  goto 124
	constant  goto 125
	call  goto 126
	_identifier  goto 127


state 195
	expr : expr Y_Equal $$21 . expr  (122)

	Y_Null  shift 83
	Y_This  shift 84
	Y_New  shift 90
	Y_NewArray  shift 91
	Y_ReadInteger  shift 93
	Y_ReadLine  shift 94
	Y_BoolConstant  shift 95
	Y_StringConstant  shift 96
	Y_IntConstant  shift 97
	Y_DoubleConstant  shift 98
	Y_Identifier  shift 23
	Y_Minus  shift 99
	Y_Not  shift 100
	Y_LParen  shift 101
	.  error

	identifier  goto 102
	expr  goto 227
	lvalue  goto 124
	constant  goto 125
	call  goto 126
	_identifier  goto 127


state 196
	expr : expr Y_NotEqual $$22 . expr  (124)

	Y_Null  shift 83
	Y_This  shift 84
	Y_New  shift 90
	Y_NewArray  shift 91
	Y_ReadInteger  shift 93
	Y_ReadLine  shift 94
	Y_BoolConstant  shift 95
	Y_StringConstant  shift 96
	Y_IntConstant  shift 97
	Y_DoubleConstant  shift 98
	Y_Identifier  shift 23
	Y_Minus  shift 99
	Y_Not  shift 100
	Y_LParen  shift 101
	.  error

	identifier  goto 102
	expr  goto 228
	lvalue  goto 124
	constant  goto 125
	call  goto 126
	_identifier  goto 127


state 197
	expr : expr Y_And $$23 . expr  (126)

	Y_Null  shift 83
	Y_This  shift 84
	Y_New  shift 90
	Y_NewArray  shift 91
	Y_ReadInteger  shift 93
	Y_ReadLine  shift 94
	Y_BoolConstant  shift 95
	Y_StringConstant  shift 96
	Y_IntConstant  shift 97
	Y_DoubleConstant  shift 98
	Y_Identifier  shift 23
	Y_Minus  shift 99
	Y_Not  shift 100
	Y_LParen  shift 101
	.  error

	identifier  goto 102
	expr  goto 229
	lvalue  goto 124
	constant  goto 125
	call  goto 126
	_identifier  goto 127


state 198
	expr : expr Y_Or $$24 . expr  (128)

	Y_Null  shift 83
	Y_This  shift 84
	Y_New  shift 90
	Y_NewArray  shift 91
	Y_ReadInteger  shift 93
	Y_ReadLine  shift 94
	Y_BoolConstant  shift 95
	Y_StringConstant  shift 96
	Y_IntConstant  shift 97
	Y_DoubleConstant  shift 98
	Y_Identifier  shift 23
	Y_Minus  shift 99
	Y_Not  shift 100
	Y_LParen  shift 101
	.  error

	identifier  goto 102
	expr  goto 230
	lvalue  goto 124
	constant  goto 125
	call  goto 126
	_identifier  goto 127


state 199
	lvalue : expr Y_Dot identifier .  (140)
	_identifier : identifier .  (142)

	Y_Plus  reduce 140
	Y_Minus  reduce 140
	Y_Times  reduce 140
	Y_Divide  reduce 140
	Y_Mod  reduce 140
	Y_Less  reduce 140
	Y_LessEqual  reduce 140
	Y_Greater  reduce 140
	Y_GreaterEqual  reduce 140
	Y_Assign  reduce 140
	Y_Equal  reduce 140
	Y_NotEqual  reduce 140
	Y_And  reduce 140
	Y_Or  reduce 140
	Y_Semicolon  reduce 140
	Y_Comma  reduce 140
	Y_Dot  reduce 140
	Y_LBracket  reduce 140
	Y_RBracket  reduce 140
	Y_LParen  reduce 142
	Y_RParen  reduce 140


state 200
	call : expr Y_Dot _identifier . Y_LParen actuals Y_RParen  (144)

	Y_LParen  shift 231
	.  error


state 201
	expr : expr . Y_Plus $$11 expr  (102)
	expr : expr . Y_Minus $$12 expr  (104)
	expr : expr . Y_Times $$13 expr  (106)
	expr : expr . Y_Divide $$14 expr  (108)
	expr : expr . Y_Mod $$15 expr  (110)
	expr : expr . Y_Less $$17 expr  (114)
	expr : expr . Y_Greater $$18 expr  (116)
	expr : expr . Y_LessEqual $$19 expr  (118)
	expr : expr . Y_GreaterEqual $$20 expr  (120)
	expr : expr . Y_Equal $$21 expr  (122)
	expr : expr . Y_NotEqual $$22 expr  (124)
	expr : expr . Y_And $$23 expr  (126)
	expr : expr . Y_Or $$24 expr  (128)
	lvalue : expr . Y_Dot identifier  (140)
	lvalue : expr . Y_LBracket expr Y_RBracket  (141)
	lvalue : expr Y_LBracket expr . Y_RBracket  (141)
	call : expr . Y_Dot _identifier Y_LParen actuals Y_RParen  (144)

	Y_Plus  shift 149
	Y_Minus  shift 150
	Y_Times  shift 151
	Y_Divide  shift 152
	Y_Mod  shift 153
	Y_Less  shift 154
	Y_LessEqual  shift 155
	Y_Greater  shift 156
	Y_GreaterEqual  shift 157
	Y_Equal  shift 158
	Y_NotEqual  shift 159
	Y_And  shift 160
	Y_Or  shift 161
	Y_Dot  shift 162
	Y_LBracket  shift 163
	Y_RBracket  shift 232
	.  error


state 202
	expr : lvalue Y_Assign $$10 . expr  (95)

	Y_Null  shift 83
	Y_This  shift 84
	Y_New  shift 90
	Y_NewArray  shift 91
	Y_ReadInteger  shift 93
	Y_ReadLine  shift 94
	Y_BoolConstant  shift 95
	Y_StringConstant  shift 96
	Y_IntConstant  shift 97
	Y_DoubleConstant  shift 98
	Y_Identifier  shift 23
	Y_Minus  shift 99
	Y_Not  shift 100
	Y_LParen  shift 101
	.  error

	identifier  goto 102
	expr  goto 233
	lvalue  goto 124
	constant  goto 125
	call  goto 126
	_identifier  goto 127


state 203
	exprlist : expr .  (90)
	expr : expr . Y_Plus $$11 expr  (102)
	expr : expr . Y_Minus $$12 expr  (104)
	expr : expr . Y_Times $$13 expr  (106)
	expr : expr . Y_Divide $$14 expr  (108)
	expr : expr . Y_Mod $$15 expr  (110)
	expr : expr . Y_Less $$17 expr  (114)
	expr : expr . Y_Greater $$18 expr  (116)
	expr : expr . Y_LessEqual $$19 expr  (118)
	expr : expr . Y_GreaterEqual $$20 expr  (120)
	expr : expr . Y_Equal $$21 expr  (122)
	expr : expr . Y_NotEqual $$22 expr  (124)
	expr : expr . Y_And $$23 expr  (126)
	expr : expr . Y_Or $$24 expr  (128)
	lvalue : expr . Y_Dot identifier  (140)
	lvalue : expr . Y_LBracket expr Y_RBracket  (141)
	call : expr . Y_Dot _identifier Y_LParen actuals Y_RParen  (144)

	Y_Plus  shift 149
	Y_Minus  shift 150
	Y_Times  shift 151
	Y_Divide  shift 152
	Y_Mod  shift 153
	Y_Less  shift 154
	Y_LessEqual  shift 155
	Y_Greater  shift 156
	Y_GreaterEqual  shift 157
	Y_Equal  shift 158
	Y_NotEqual  shift 159
	Y_And  shift 160
	Y_Or  shift 161
	Y_Dot  shift 162
	Y_LBracket  shift 163
	Y_Comma  reduce 90
	Y_RParen  reduce 90


state 204
	exprlist : exprlist . Y_Comma expr  (91)
	actuals : exprlist .  (145)

	Y_Comma  shift 234
	Y_RParen  reduce 145


state 205
	call : _identifier Y_LParen actuals . Y_RParen  (143)

	Y_RParen  shift 235
	.  error


state 206
	prototype : Y_Void $$6 identifier Y_LParen formals Y_RParen Y_Semicolon .  (50)

	.  reduce 50


state 207
	commonfor : Y_For Y_LParen nexpr Y_Semicolon . expr Y_Semicolon nexpr Y_RParen  (81)

	Y_Null  shift 83
	Y_This  shift 84
	Y_New  shift 90
	Y_NewArray  shift 91
	Y_ReadInteger  shift 93
	Y_ReadLine  shift 94
	Y_BoolConstant  shift 95
	Y_StringConstant  shift 96
	Y_IntConstant  shift 97
	Y_DoubleConstant  shift 98
	Y_Identifier  shift 23
	Y_Minus  shift 99
	Y_Not  shift 100
	Y_LParen  shift 101
	.  error

	identifier  goto 102
	expr  goto 236
	lvalue  goto 124
	constant  goto 125
	call  goto 126
	_identifier  goto 127


state 208
	commonwhile : Y_While Y_LParen expr Y_RParen .  (78)

	.  reduce 78


state 209
	commonif : Y_If Y_LParen expr Y_RParen .  (74)

	.  reduce 74


state 210
	returnstmt : Y_Return $$7 nexpr Y_Semicolon .  (85)

	.  reduce 85


state 211
	expr : Y_New $$28 Y_LParen identifier . Y_RParen  (136)

	Y_RParen  shift 237
	.  error


state 212
	expr : expr . Y_Plus $$11 expr  (102)
	expr : expr . Y_Minus $$12 expr  (104)
	expr : expr . Y_Times $$13 expr  (106)
	expr : expr . Y_Divide $$14 expr  (108)
	expr : expr . Y_Mod $$15 expr  (110)
	expr : expr . Y_Less $$17 expr  (114)
	expr : expr . Y_Greater $$18 expr  (116)
	expr : expr . Y_LessEqual $$19 expr  (118)
	expr : expr . Y_GreaterEqual $$20 expr  (120)
	expr : expr . Y_Equal $$21 expr  (122)
	expr : expr . Y_NotEqual $$22 expr  (124)
	expr : expr . Y_And $$23 expr  (126)
	expr : expr . Y_Or $$24 expr  (128)
	expr : Y_NewArray $$29 Y_LParen expr . Y_Comma type Y_RParen  (138)
	lvalue : expr . Y_Dot identifier  (140)
	lvalue : expr . Y_LBracket expr Y_RBracket  (141)
	call : expr . Y_Dot _identifier Y_LParen actuals Y_RParen  (144)

	Y_Plus  shift 149
	Y_Minus  shift 150
	Y_Times  shift 151
	Y_Divide  shift 152
	Y_Mod  shift 153
	Y_Less  shift 154
	Y_LessEqual  shift 155
	Y_Greater  shift 156
	Y_GreaterEqual  shift 157
	Y_Equal  shift 158
	Y_NotEqual  shift 159
	Y_And  shift 160
	Y_Or  shift 161
	Y_Comma  shift 238
	Y_Dot  shift 162
	Y_LBracket  shift 163
	.  error


state 213
	printstmt : Y_Print $$9 Y_LParen exprlist . Y_RParen Y_Semicolon  (89)
	exprlist : exprlist . Y_Comma expr  (91)

	Y_Comma  shift 234
	Y_RParen  shift 239
	.  error


state 214
	expr : Y_ReadInteger $$26 Y_LParen Y_RParen .  (132)

	.  reduce 132


state 215
	expr : Y_ReadLine $$27 Y_LParen Y_RParen .  (134)

	.  reduce 134


state 216
	open_if : commonif matched_stmt Y_Else open_stmt .  (77)

	.  reduce 77


state 217
	matched_if : commonif matched_stmt Y_Else matched_stmt .  (75)

	.  reduce 75


state 218
	expr : expr . Y_Plus $$11 expr  (102)
	expr : expr Y_Plus $$11 expr .  (102)
	expr : expr . Y_Minus $$12 expr  (104)
	expr : expr . Y_Times $$13 expr  (106)
	expr : expr . Y_Divide $$14 expr  (108)
	expr : expr . Y_Mod $$15 expr  (110)
	expr : expr . Y_Less $$17 expr  (114)
	expr : expr . Y_Greater $$18 expr  (116)
	expr : expr . Y_LessEqual $$19 expr  (118)
	expr : expr . Y_GreaterEqual $$20 expr  (120)
	expr : expr . Y_Equal $$21 expr  (122)
	expr : expr . Y_NotEqual $$22 expr  (124)
	expr : expr . Y_And $$23 expr  (126)
	expr : expr . Y_Or $$24 expr  (128)
	lvalue : expr . Y_Dot identifier  (140)
	lvalue : expr . Y_LBracket expr Y_RBracket  (141)
	call : expr . Y_Dot _identifier Y_LParen actuals Y_RParen  (144)

	Y_Times  shift 151
	Y_Divide  shift 152
	Y_Mod  shift 153
	Y_Dot  shift 162
	Y_LBracket  shift 163
	Y_Plus  reduce 102
	Y_Minus  reduce 102
	Y_Less  reduce 102
	Y_LessEqual  reduce 102
	Y_Greater  reduce 102
	Y_GreaterEqual  reduce 102
	Y_Equal  reduce 102
	Y_NotEqual  reduce 102
	Y_And  reduce 102
	Y_Or  reduce 102
	Y_Semicolon  reduce 102
	Y_Comma  reduce 102
	Y_RBracket  reduce 102
	Y_RParen  reduce 102


state 219
	expr : expr . Y_Plus $$11 expr  (102)
	expr : expr . Y_Minus $$12 expr  (104)
	expr : expr Y_Minus $$12 expr .  (104)
	expr : expr . Y_Times $$13 expr  (106)
	expr : expr . Y_Divide $$14 expr  (108)
	expr : expr . Y_Mod $$15 expr  (110)
	expr : expr . Y_Less $$17 expr  (114)
	expr : expr . Y_Greater $$18 expr  (116)
	expr : expr . Y_LessEqual $$19 expr  (118)
	expr : expr . Y_GreaterEqual $$20 expr  (120)
	expr : expr . Y_Equal $$21 expr  (122)
	expr : expr . Y_NotEqual $$22 expr  (124)
	expr : expr . Y_And $$23 expr  (126)
	expr : expr . Y_Or $$24 expr  (128)
	lvalue : expr . Y_Dot identifier  (140)
	lvalue : expr . Y_LBracket expr Y_RBracket  (141)
	call : expr . Y_Dot _identifier Y_LParen actuals Y_RParen  (144)

	Y_Times  shift 151
	Y_Divide  shift 152
	Y_Mod  shift 153
	Y_Dot  shift 162
	Y_LBracket  shift 163
	Y_Plus  reduce 104
	Y_Minus  reduce 104
	Y_Less  reduce 104
	Y_LessEqual  reduce 104
	Y_Greater  reduce 104
	Y_GreaterEqual  reduce 104
	Y_Equal  reduce 104
	Y_NotEqual  reduce 104
	Y_And  reduce 104
	Y_Or  reduce 104
	Y_Semicolon  reduce 104
	Y_Comma  reduce 104
	Y_RBracket  reduce 104
	Y_RParen  reduce 104


state 220
	expr : expr . Y_Plus $$11 expr  (102)
	expr : expr . Y_Minus $$12 expr  (104)
	expr : expr . Y_Times $$13 expr  (106)
	expr : expr Y_Times $$13 expr .  (106)
	expr : expr . Y_Divide $$14 expr  (108)
	expr : expr . Y_Mod $$15 expr  (110)
	expr : expr . Y_Less $$17 expr  (114)
	expr : expr . Y_Greater $$18 expr  (116)
	expr : expr . Y_LessEqual $$19 expr  (118)
	expr : expr . Y_GreaterEqual $$20 expr  (120)
	expr : expr . Y_Equal $$21 expr  (122)
	expr : expr . Y_NotEqual $$22 expr  (124)
	expr : expr . Y_And $$23 expr  (126)
	expr : expr . Y_Or $$24 expr  (128)
	lvalue : expr . Y_Dot identifier  (140)
	lvalue : expr . Y_LBracket expr Y_RBracket  (141)
	call : expr . Y_Dot _identifier Y_LParen actuals Y_RParen  (144)

	Y_Dot  shift 162
	Y_LBracket  shift 163
	Y_Plus  reduce 106
	Y_Minus  reduce 106
	Y_Times  reduce 106
	Y_Divide  reduce 106
	Y_Mod  reduce 106
	Y_Less  reduce 106
	Y_LessEqual  reduce 106
	Y_Greater  reduce 106
	Y_GreaterEqual  reduce 106
	Y_Equal  reduce 106
	Y_NotEqual  reduce 106
	Y_And  reduce 106
	Y_Or  reduce 106
	Y_Semicolon  reduce 106
	Y_Comma  reduce 106
	Y_RBracket  reduce 106
	Y_RParen  reduce 106


state 221
	expr : expr . Y_Plus $$11 expr  (102)
	expr : expr . Y_Minus $$12 expr  (104)
	expr : expr . Y_Times $$13 expr  (106)
	expr : expr . Y_Divide $$14 expr  (108)
	expr : expr Y_Divide $$14 expr .  (108)
	expr : expr . Y_Mod $$15 expr  (110)
	expr : expr . Y_Less $$17 expr  (114)
	expr : expr . Y_Greater $$18 expr  (116)
	expr : expr . Y_LessEqual $$19 expr  (118)
	expr : expr . Y_GreaterEqual $$20 expr  (120)
	expr : expr . Y_Equal $$21 expr  (122)
	expr : expr . Y_NotEqual $$22 expr  (124)
	expr : expr . Y_And $$23 expr  (126)
	expr : expr . Y_Or $$24 expr  (128)
	lvalue : expr . Y_Dot identifier  (140)
	lvalue : expr . Y_LBracket expr Y_RBracket  (141)
	call : expr . Y_Dot _identifier Y_LParen actuals Y_RParen  (144)

	Y_Dot  shift 162
	Y_LBracket  shift 163
	Y_Plus  reduce 108
	Y_Minus  reduce 108
	Y_Times  reduce 108
	Y_Divide  reduce 108
	Y_Mod  reduce 108
	Y_Less  reduce 108
	Y_LessEqual  reduce 108
	Y_Greater  reduce 108
	Y_GreaterEqual  reduce 108
	Y_Equal  reduce 108
	Y_NotEqual  reduce 108
	Y_And  reduce 108
	Y_Or  reduce 108
	Y_Semicolon  reduce 108
	Y_Comma  reduce 108
	Y_RBracket  reduce 108
	Y_RParen  reduce 108


state 222
	expr : expr . Y_Plus $$11 expr  (102)
	expr : expr . Y_Minus $$12 expr  (104)
	expr : expr . Y_Times $$13 expr  (106)
	expr : expr . Y_Divide $$14 expr  (108)
	expr : expr . Y_Mod $$15 expr  (110)
	expr : expr Y_Mod $$15 expr .  (110)
	expr : expr . Y_Less $$17 expr  (114)
	expr : expr . Y_Greater $$18 expr  (116)
	expr : expr . Y_LessEqual $$19 expr  (118)
	expr : expr . Y_GreaterEqual $$20 expr  (120)
	expr : expr . Y_Equal $$21 expr  (122)
	expr : expr . Y_NotEqual $$22 expr  (124)
	expr : expr . Y_And $$23 expr  (126)
	expr : expr . Y_Or $$24 expr  (128)
	lvalue : expr . Y_Dot identifier  (140)
	lvalue : expr . Y_LBracket expr Y_RBracket  (141)
	call : expr . Y_Dot _identifier Y_LParen actuals Y_RParen  (144)

	Y_Dot  shift 162
	Y_LBracket  shift 163
	Y_Plus  reduce 110
	Y_Minus  reduce 110
	Y_Times  reduce 110
	Y_Divide  reduce 110
	Y_Mod  reduce 110
	Y_Less  reduce 110
	Y_LessEqual  reduce 110
	Y_Greater  reduce 110
	Y_GreaterEqual  reduce 110
	Y_Equal  reduce 110
	Y_NotEqual  reduce 110
	Y_And  reduce 110
	Y_Or  reduce 110
	Y_Semicolon  reduce 110
	Y_Comma  reduce 110
	Y_RBracket  reduce 110
	Y_RParen  reduce 110


state 223
	expr : expr . Y_Plus $$11 expr  (102)
	expr : expr . Y_Minus $$12 expr  (104)
	expr : expr . Y_Times $$13 expr  (106)
	expr : expr . Y_Divide $$14 expr  (108)
	expr : expr . Y_Mod $$15 expr  (110)
	expr : expr . Y_Less $$17 expr  (114)
	expr : expr Y_Less $$17 expr .  (114)
	expr : expr . Y_Greater $$18 expr  (116)
	expr : expr . Y_LessEqual $$19 expr  (118)
	expr : expr . Y_GreaterEqual $$20 expr  (120)
	expr : expr . Y_Equal $$21 expr  (122)
	expr : expr . Y_NotEqual $$22 expr  (124)
	expr : expr . Y_And $$23 expr  (126)
	expr : expr . Y_Or $$24 expr  (128)
	lvalue : expr . Y_Dot identifier  (140)
	lvalue : expr . Y_LBracket expr Y_RBracket  (141)
	call : expr . Y_Dot _identifier Y_LParen actuals Y_RParen  (144)

	Y_Plus  shift 149
	Y_Minus  shift 150
	Y_Times  shift 151
	Y_Divide  shift 152
	Y_Mod  shift 153
	Y_Dot  shift 162
	Y_LBracket  shift 163
	Y_Equal  reduce 114
	Y_NotEqual  reduce 114
	Y_And  reduce 114
	Y_Or  reduce 114
	Y_Semicolon  reduce 114
	Y_Comma  reduce 114
	Y_RBracket  reduce 114
	Y_RParen  reduce 114


state 224
	expr : expr . Y_Plus $$11 expr  (102)
	expr : expr . Y_Minus $$12 expr  (104)
	expr : expr . Y_Times $$13 expr  (106)
	expr : expr . Y_Divide $$14 expr  (108)
	expr : expr . Y_Mod $$15 expr  (110)
	expr : expr . Y_Less $$17 expr  (114)
	expr : expr . Y_Greater $$18 expr  (116)
	expr : expr . Y_LessEqual $$19 expr  (118)
	expr : expr Y_LessEqual $$19 expr .  (118)
	expr : expr . Y_GreaterEqual $$20 expr  (120)
	expr : expr . Y_Equal $$21 expr  (122)
	expr : expr . Y_NotEqual $$22 expr  (124)
	expr : expr . Y_And $$23 expr  (126)
	expr : expr . Y_Or $$24 expr  (128)
	lvalue : expr . Y_Dot identifier  (140)
	lvalue : expr . Y_LBracket expr Y_RBracket  (141)
	call : expr . Y_Dot _identifier Y_LParen actuals Y_RParen  (144)

	Y_Plus  shift 149
	Y_Minus  shift 150
	Y_Times  shift 151
	Y_Divide  shift 152
	Y_Mod  shift 153
	Y_Dot  shift 162
	Y_LBracket  shift 163
	Y_Equal  reduce 118
	Y_NotEqual  reduce 118
	Y_And  reduce 118
	Y_Or  reduce 118
	Y_Semicolon  reduce 118
	Y_Comma  reduce 118
	Y_RBracket  reduce 118
	Y_RParen  reduce 118


state 225
	expr : expr . Y_Plus $$11 expr  (102)
	expr : expr . Y_Minus $$12 expr  (104)
	expr : expr . Y_Times $$13 expr  (106)
	expr : expr . Y_Divide $$14 expr  (108)
	expr : expr . Y_Mod $$15 expr  (110)
	expr : expr . Y_Less $$17 expr  (114)
	expr : expr . Y_Greater $$18 expr  (116)
	expr : expr Y_Greater $$18 expr .  (116)
	expr : expr . Y_LessEqual $$19 expr  (118)
	expr : expr . Y_GreaterEqual $$20 expr  (120)
	expr : expr . Y_Equal $$21 expr  (122)
	expr : expr . Y_NotEqual $$22 expr  (124)
	expr : expr . Y_And $$23 expr  (126)
	expr : expr . Y_Or $$24 expr  (128)
	lvalue : expr . Y_Dot identifier  (140)
	lvalue : expr . Y_LBracket expr Y_RBracket  (141)
	call : expr . Y_Dot _identifier Y_LParen actuals Y_RParen  (144)

	Y_Plus  shift 149
	Y_Minus  shift 150
	Y_Times  shift 151
	Y_Divide  shift 152
	Y_Mod  shift 153
	Y_Dot  shift 162
	Y_LBracket  shift 163
	Y_Equal  reduce 116
	Y_NotEqual  reduce 116
	Y_And  reduce 116
	Y_Or  reduce 116
	Y_Semicolon  reduce 116
	Y_Comma  reduce 116
	Y_RBracket  reduce 116
	Y_RParen  reduce 116


state 226
	expr : expr . Y_Plus $$11 expr  (102)
	expr : expr . Y_Minus $$12 expr  (104)
	expr : expr . Y_Times $$13 expr  (106)
	expr : expr . Y_Divide $$14 expr  (108)
	expr : expr . Y_Mod $$15 expr  (110)
	expr : expr . Y_Less $$17 expr  (114)
	expr : expr . Y_Greater $$18 expr  (116)
	expr : expr . Y_LessEqual $$19 expr  (118)
	expr : expr . Y_GreaterEqual $$20 expr  (120)
	expr : expr Y_GreaterEqual $$20 expr .  (120)
	expr : expr . Y_Equal $$21 expr  (122)
	expr : expr . Y_NotEqual $$22 expr  (124)
	expr : expr . Y_And $$23 expr  (126)
	expr : expr . Y_Or $$24 expr  (128)
	lvalue : expr . Y_Dot identifier  (140)
	lvalue : expr . Y_LBracket expr Y_RBracket  (141)
	call : expr . Y_Dot _identifier Y_LParen actuals Y_RParen  (144)

	Y_Plus  shift 149
	Y_Minus  shift 150
	Y_Times  shift 151
	Y_Divide  shift 152
	Y_Mod  shift 153
	Y_Dot  shift 162
	Y_LBracket  shift 163
	Y_Equal  reduce 120
	Y_NotEqual  reduce 120
	Y_And  reduce 120
	Y_Or  reduce 120
	Y_Semicolon  reduce 120
	Y_Comma  reduce 120
	Y_RBracket  reduce 120
	Y_RParen  reduce 120


state 227
	expr : expr . Y_Plus $$11 expr  (102)
	expr : expr . Y_Minus $$12 expr  (104)
	expr : expr . Y_Times $$13 expr  (106)
	expr : expr . Y_Divide $$14 expr  (108)
	expr : expr . Y_Mod $$15 expr  (110)
	expr : expr . Y_Less $$17 expr  (114)
	expr : expr . Y_Greater $$18 expr  (116)
	expr : expr . Y_LessEqual $$19 expr  (118)
	expr : expr . Y_GreaterEqual $$20 expr  (120)
	expr : expr . Y_Equal $$21 expr  (122)
	expr : expr Y_Equal $$21 expr .  (122)
	expr : expr . Y_NotEqual $$22 expr  (124)
	expr : expr . Y_And $$23 expr  (126)
	expr : expr . Y_Or $$24 expr  (128)
	lvalue : expr . Y_Dot identifier  (140)
	lvalue : expr . Y_LBracket expr Y_RBracket  (141)
	call : expr . Y_Dot _identifier Y_LParen actuals Y_RParen  (144)

	Y_Plus  shift 149
	Y_Minus  shift 150
	Y_Times  shift 151
	Y_Divide  shift 152
	Y_Mod  shift 153
	Y_Less  shift 154
	Y_LessEqual  shift 155
	Y_Greater  shift 156
	Y_GreaterEqual  shift 157
	Y_NotEqual  shift 159
	Y_Dot  shift 162
	Y_LBracket  shift 163
	Y_Equal  reduce 122
	Y_And  reduce 122
	Y_Or  reduce 122
	Y_Semicolon  reduce 122
	Y_Comma  reduce 122
	Y_RBracket  reduce 122
	Y_RParen  reduce 122


state 228
	expr : expr . Y_Plus $$11 expr  (102)
	expr : expr . Y_Minus $$12 expr  (104)
	expr : expr . Y_Times $$13 expr  (106)
	expr : expr . Y_Divide $$14 expr  (108)
	expr : expr . Y_Mod $$15 expr  (110)
	expr : expr . Y_Less $$17 expr  (114)
	expr : expr . Y_Greater $$18 expr  (116)
	expr : expr . Y_LessEqual $$19 expr  (118)
	expr : expr . Y_GreaterEqual $$20 expr  (120)
	expr : expr . Y_Equal $$21 expr  (122)
	expr : expr . Y_NotEqual $$22 expr  (124)
	expr : expr Y_NotEqual $$22 expr .  (124)
	expr : expr . Y_And $$23 expr  (126)
	expr : expr . Y_Or $$24 expr  (128)
	lvalue : expr . Y_Dot identifier  (140)
	lvalue : expr . Y_LBracket expr Y_RBracket  (141)
	call : expr . Y_Dot _identifier Y_LParen actuals Y_RParen  (144)

	Y_Plus  shift 149
	Y_Minus  shift 150
	Y_Times  shift 151
	Y_Divide  shift 152
	Y_Mod  shift 153
	Y_Less  shift 154
	Y_LessEqual  shift 155
	Y_Greater  shift 156
	Y_GreaterEqual  shift 157
	Y_Dot  shift 162
	Y_LBracket  shift 163
	Y_Equal  reduce 124
	Y_And  reduce 124
	Y_Or  reduce 124
	Y_Semicolon  reduce 124
	Y_Comma  reduce 124
	Y_RBracket  reduce 124
	Y_RParen  reduce 124


state 229
	expr : expr . Y_Plus $$11 expr  (102)
	expr : expr . Y_Minus $$12 expr  (104)
	expr : expr . Y_Times $$13 expr  (106)
	expr : expr . Y_Divide $$14 expr  (108)
	expr : expr . Y_Mod $$15 expr  (110)
	expr : expr . Y_Less $$17 expr  (114)
	expr : expr . Y_Greater $$18 expr  (116)
	expr : expr . Y_LessEqual $$19 expr  (118)
	expr : expr . Y_GreaterEqual $$20 expr  (120)
	expr : expr . Y_Equal $$21 expr  (122)
	expr : expr . Y_NotEqual $$22 expr  (124)
	expr : expr . Y_And $$23 expr  (126)
	expr : expr Y_And $$23 expr .  (126)
	expr : expr . Y_Or $$24 expr  (128)
	lvalue : expr . Y_Dot identifier  (140)
	lvalue : expr . Y_LBracket expr Y_RBracket  (141)
	call : expr . Y_Dot _identifier Y_LParen actuals Y_RParen  (144)

	Y_Plus  shift 149
	Y_Minus  shift 150
	Y_Times  shift 151
	Y_Divide  shift 152
	Y_Mod  shift 153
	Y_Less  shift 154
	Y_LessEqual  shift 155
	Y_Greater  shift 156
	Y_GreaterEqual  shift 157
	Y_Equal  shift 158
	Y_NotEqual  shift 159
	Y_Dot  shift 162
	Y_LBracket  shift 163
	Y_And  reduce 126
	Y_Or  reduce 126
	Y_Semicolon  reduce 126
	Y_Comma  reduce 126
	Y_RBracket  reduce 126
	Y_RParen  reduce 126


state 230
	expr : expr . Y_Plus $$11 expr  (102)
	expr : expr . Y_Minus $$12 expr  (104)
	expr : expr . Y_Times $$13 expr  (106)
	expr : expr . Y_Divide $$14 expr  (108)
	expr : expr . Y_Mod $$15 expr  (110)
	expr : expr . Y_Less $$17 expr  (114)
	expr : expr . Y_Greater $$18 expr  (116)
	expr : expr . Y_LessEqual $$19 expr  (118)
	expr : expr . Y_GreaterEqual $$20 expr  (120)
	expr : expr . Y_Equal $$21 expr  (122)
	expr : expr . Y_NotEqual $$22 expr  (124)
	expr : expr . Y_And $$23 expr  (126)
	expr : expr . Y_Or $$24 expr  (128)
	expr : expr Y_Or $$24 expr .  (128)
	lvalue : expr . Y_Dot identifier  (140)
	lvalue : expr . Y_LBracket expr Y_RBracket  (141)
	call : expr . Y_Dot _identifier Y_LParen actuals Y_RParen  (144)

	Y_Plus  shift 149
	Y_Minus  shift 150
	Y_Times  shift 151
	Y_Divide  shift 152
	Y_Mod  shift 153
	Y_Less  shift 154
	Y_LessEqual  shift 155
	Y_Greater  shift 156
	Y_GreaterEqual  shift 157
	Y_Equal  shift 158
	Y_NotEqual  shift 159
	Y_And  shift 160
	Y_Dot  shift 162
	Y_LBracket  shift 163
	Y_Or  reduce 128
	Y_Semicolon  reduce 128
	Y_Comma  reduce 128
	Y_RBracket  reduce 128
	Y_RParen  reduce 128


state 231
	call : expr Y_Dot _identifier Y_LParen . actuals Y_RParen  (144)
	actuals : .  (146)

	Y_Null  shift 83
	Y_This  shift 84
	Y_New  shift 90
	Y_NewArray  shift 91
	Y_ReadInteger  shift 93
	Y_ReadLine  shift 94
	Y_BoolConstant  shift 95
	Y_StringConstant  shift 96
	Y_IntConstant  shift 97
	Y_DoubleConstant  shift 98
	Y_Identifier  shift 23
	Y_Minus  shift 99
	Y_Not  shift 100
	Y_LParen  shift 101
	Y_RParen  reduce 146

	identifier  goto 102
	expr  goto 203
	exprlist  goto 204
	lvalue  goto 124
	constant  goto 125
	call  goto 126
	_identifier  goto 127
	actuals  goto 240


state 232
	lvalue : expr Y_LBracket expr Y_RBracket .  (141)

	.  reduce 141


state 233
	expr : lvalue Y_Assign $$10 expr .  (95)
	expr : expr . Y_Plus $$11 expr  (102)
	expr : expr . Y_Minus $$12 expr  (104)
	expr : expr . Y_Times $$13 expr  (106)
	expr : expr . Y_Divide $$14 expr  (108)
	expr : expr . Y_Mod $$15 expr  (110)
	expr : expr . Y_Less $$17 expr  (114)
	expr : expr . Y_Greater $$18 expr  (116)
	expr : expr . Y_LessEqual $$19 expr  (118)
	expr : expr . Y_GreaterEqual $$20 expr  (120)
	expr : expr . Y_Equal $$21 expr  (122)
	expr : expr . Y_NotEqual $$22 expr  (124)
	expr : expr . Y_And $$23 expr  (126)
	expr : expr . Y_Or $$24 expr  (128)
	lvalue : expr . Y_Dot identifier  (140)
	lvalue : expr . Y_LBracket expr Y_RBracket  (141)
	call : expr . Y_Dot _identifier Y_LParen actuals Y_RParen  (144)

	Y_Plus  shift 149
	Y_Minus  shift 150
	Y_Times  shift 151
	Y_Divide  shift 152
	Y_Mod  shift 153
	Y_Less  shift 154
	Y_LessEqual  shift 155
	Y_Greater  shift 156
	Y_GreaterEqual  shift 157
	Y_Dot  shift 162
	Y_LBracket  shift 163
	Y_Equal  reduce 95
	Y_And  reduce 95
	Y_Or  reduce 95
	Y_Semicolon  reduce 95
	Y_Comma  reduce 95
	Y_RBracket  reduce 95
	Y_RParen  reduce 95


state 234
	exprlist : exprlist Y_Comma . expr  (91)

	Y_Null  shift 83
	Y_This  shift 84
	Y_New  shift 90
	Y_NewArray  shift 91
	Y_ReadInteger  shift 93
	Y_ReadLine  shift 94
	Y_BoolConstant  shift 95
	Y_StringConstant  shift 96
	Y_IntConstant  shift 97
	Y_DoubleConstant  shift 98
	Y_Identifier  shift 23
	Y_Minus  shift 99
	Y_Not  shift 100
	Y_LParen  shift 101
	.  error

	identifier  goto 102
	expr  goto 241
	lvalue  goto 124
	constant  goto 125
	call  goto 126
	_identifier  goto 127


state 235
	call : _identifier Y_LParen actuals Y_RParen .  (143)

	.  reduce 143


state 236
	commonfor : Y_For Y_LParen nexpr Y_Semicolon expr . Y_Semicolon nexpr Y_RParen  (81)
	expr : expr . Y_Plus $$11 expr  (102)
	expr : expr . Y_Minus $$12 expr  (104)
	expr : expr . Y_Times $$13 expr  (106)
	expr : expr . Y_Divide $$14 expr  (108)
	expr : expr . Y_Mod $$15 expr  (110)
	expr : expr . Y_Less $$17 expr  (114)
	expr : expr . Y_Greater $$18 expr  (116)
	expr : expr . Y_LessEqual $$19 expr  (118)
	expr : expr . Y_GreaterEqual $$20 expr  (120)
	expr : expr . Y_Equal $$21 expr  (122)
	expr : expr . Y_NotEqual $$22 expr  (124)
	expr : expr . Y_And $$23 expr  (126)
	expr : expr . Y_Or $$24 expr  (128)
	lvalue : expr . Y_Dot identifier  (140)
	lvalue : expr . Y_LBracket expr Y_RBracket  (141)
	call : expr . Y_Dot _identifier Y_LParen actuals Y_RParen  (144)

	Y_Plus  shift 149
	Y_Minus  shift 150
	Y_Times  shift 151
	Y_Divide  shift 152
	Y_Mod  shift 153
	Y_Less  shift 154
	Y_LessEqual  shift 155
	Y_Greater  shift 156
	Y_GreaterEqual  shift 157
	Y_Equal  shift 158
	Y_NotEqual  shift 159
	Y_And  shift 160
	Y_Or  shift 161
	Y_Semicolon  shift 242
	Y_Dot  shift 162
	Y_LBracket  shift 163
	.  error


state 237
	expr : Y_New $$28 Y_LParen identifier Y_RParen .  (136)

	.  reduce 136


state 238
	expr : Y_NewArray $$29 Y_LParen expr Y_Comma . type Y_RParen  (138)

	Y_Int  shift 2
	Y_Double  shift 3
	Y_Bool  shift 4
	Y_String  shift 5
	Y_TypeIdentifier  shift 8
	.  error

	type  goto 243


state 239
	printstmt : Y_Print $$9 Y_LParen exprlist Y_RParen . Y_Semicolon  (89)

	Y_Semicolon  shift 244
	.  error


state 240
	call : expr Y_Dot _identifier Y_LParen actuals . Y_RParen  (144)

	Y_RParen  shift 245
	.  error


state 241
	exprlist : exprlist Y_Comma expr .  (91)
	expr : expr . Y_Plus $$11 expr  (102)
	expr : expr . Y_Minus $$12 expr  (104)
	expr : expr . Y_Times $$13 expr  (106)
	expr : expr . Y_Divide $$14 expr  (108)
	expr : expr . Y_Mod $$15 expr  (110)
	expr : expr . Y_Less $$17 expr  (114)
	expr : expr . Y_Greater $$18 expr  (116)
	expr : expr . Y_LessEqual $$19 expr  (118)
	expr : expr . Y_GreaterEqual $$20 expr  (120)
	expr : expr . Y_Equal $$21 expr  (122)
	expr : expr . Y_NotEqual $$22 expr  (124)
	expr : expr . Y_And $$23 expr  (126)
	expr : expr . Y_Or $$24 expr  (128)
	lvalue : expr . Y_Dot identifier  (140)
	lvalue : expr . Y_LBracket expr Y_RBracket  (141)
	call : expr . Y_Dot _identifier Y_LParen actuals Y_RParen  (144)

	Y_Plus  shift 149
	Y_Minus  shift 150
	Y_Times  shift 151
	Y_Divide  shift 152
	Y_Mod  shift 153
	Y_Less  shift 154
	Y_LessEqual  shift 155
	Y_Greater  shift 156
	Y_GreaterEqual  shift 157
	Y_Equal  shift 158
	Y_NotEqual  shift 159
	Y_And  shift 160
	Y_Or  shift 161
	Y_Dot  shift 162
	Y_LBracket  shift 163
	Y_Comma  reduce 91
	Y_RParen  reduce 91


state 242
	commonfor : Y_For Y_LParen nexpr Y_Semicolon expr Y_Semicolon . nexpr Y_RParen  (81)
	nexpr : .  (93)

	Y_Null  shift 83
	Y_This  shift 84
	Y_New  shift 90
	Y_NewArray  shift 91
	Y_ReadInteger  shift 93
	Y_ReadLine  shift 94
	Y_BoolConstant  shift 95
	Y_StringConstant  shift 96
	Y_IntConstant  shift 97
	Y_DoubleConstant  shift 98
	Y_Identifier  shift 23
	Y_Minus  shift 99
	Y_Not  shift 100
	Y_LParen  shift 101
	Y_RParen  reduce 93

	identifier  goto 102
	nexpr  goto 246
	expr  goto 121
	lvalue  goto 124
	constant  goto 125
	call  goto 126
	_identifier  goto 127


state 243
	type : type . Y_LBracket Y_RBracket  (16)
	expr : Y_NewArray $$29 Y_LParen expr Y_Comma type . Y_RParen  (138)

	Y_LBracket  shift 24
	Y_RParen  shift 247
	.  error


state 244
	printstmt : Y_Print $$9 Y_LParen exprlist Y_RParen Y_Semicolon .  (89)

	.  reduce 89


state 245
	call : expr Y_Dot _identifier Y_LParen actuals Y_RParen .  (144)

	.  reduce 144


state 246
	commonfor : Y_For Y_LParen nexpr Y_Semicolon expr Y_Semicolon nexpr . Y_RParen  (81)

	Y_RParen  shift 248
	.  error


state 247
	expr : Y_NewArray $$29 Y_LParen expr Y_Comma type Y_RParen .  (138)

	.  reduce 138


state 248
	commonfor : Y_For Y_LParen nexpr Y_Semicolon expr Y_Semicolon nexpr Y_RParen .  (81)

	.  reduce 81


54 terminals, 82 nonterminals
152 grammar rules, 249 states
